#
# There is insufficient memory for the Java Runtime Environment to continue.
# Native memory allocation (malloc) failed to allocate 2097152 bytes. Error detail: AllocateHeap
# Possible reasons:
#   The system is out of physical RAM or swap space
#   This process is running with CompressedOops enabled, and the Java Heap may be blocking the growth of the native heap
# Possible solutions:
#   Reduce memory load on the system
#   Increase physical memory or swap space
#   Check if swap backing store is full
#   Decrease Java heap size (-Xmx/-Xms)
#   Decrease number of Java threads
#   Decrease Java thread stack sizes (-Xss)
#   Set larger code cache with -XX:ReservedCodeCacheSize=
#   JVM is running with Zero Based Compressed Oops mode in which the Java heap is
#     placed in the first 32GB address space. The Java Heap base address is the
#     maximum limit for the native heap growth. Please use -XX:HeapBaseMinAddress
#     to set the Java Heap base and to place the Java Heap above 32GB virtual address.
# This output file may be truncated or incomplete.
#
#  Out of Memory Error (allocation.cpp:44), pid=13048, tid=16288
#
# JRE version: OpenJDK Runtime Environment Temurin-21.0.8+9 (21.0.8+9) (build 21.0.8+9-LTS)
# Java VM: OpenJDK 64-Bit Server VM Temurin-21.0.8+9 (21.0.8+9-LTS, mixed mode, emulated-client, sharing, tiered, compressed oops, compressed class ptrs, g1 gc, windows-amd64)
# No core dump will be written. Minidumps are not enabled by default on client versions of Windows
#

---------------  S U M M A R Y ------------

Command Line: -Dcom.sun.management.jmxremote -Dcom.sun.management.jmxremote.port=49391 -Dcom.sun.management.jmxremote.authenticate=false -Dcom.sun.management.jmxremote.ssl=false -Djava.rmi.server.hostname=localhost -Dspring.jmx.enabled=true -Dmanagement.endpoints.jmx.exposure.include=* -Dspring.application.admin.enabled=true -Dspring.profiles.active=local -Dspring.output.ansi.enabled=always -XX:TieredStopAtLevel=1 -Dspring.boot.project.name=MyBaseLinkV2 -Dfile.encoding=UTF-8 -Dstdout.encoding=UTF-8 -Dstderr.encoding=UTF-8 -XX:+ShowCodeDetailsInExceptionMessages com.mybaselinkV2.app.MyBaseLinkV2Application

Host: Intel(R) Core(TM) i7-8565U CPU @ 1.80GHz, 8 cores, 15G,  Windows 11 , 64 bit Build 26100 (10.0.26100.6725)
Time: Tue Nov  4 17:07:01 2025 elapsed time: 4191.639321 seconds (0d 1h 9m 51s)

---------------  T H R E A D  ---------------

Current thread (0x00000256535fbc10):  VMThread "VM Thread"          [id=16288, stack(0x00000057fd500000,0x00000057fd600000) (1024K)]

Stack: [0x00000057fd500000,0x00000057fd600000]
Native frames: (J=compiled Java code, j=interpreted, Vv=VM code, C=native code)
V  [jvm.dll+0x6d2449]
V  [jvm.dll+0x8ae341]
V  [jvm.dll+0x8b08be]
V  [jvm.dll+0x8b0fa3]
V  [jvm.dll+0x280c96]
V  [jvm.dll+0xc0347]
V  [jvm.dll+0x3490ae]
V  [jvm.dll+0x343a2e]
V  [jvm.dll+0x32c418]
V  [jvm.dll+0x36e654]
V  [jvm.dll+0x8b6cbf]
V  [jvm.dll+0x8b8044]
V  [jvm.dll+0x8b8580]
V  [jvm.dll+0x8b8823]
V  [jvm.dll+0x857e6b]
V  [jvm.dll+0x6d0b0d]
C  [ucrtbase.dll+0x37b0]
C  [KERNEL32.DLL+0x2e8d7]
C  [ntdll.dll+0x8c53c]

VM_Operation (0x00000057803ff0b0): G1CollectFull, mode: safepoint, requested by thread 0x000002565e56a810


---------------  P R O C E S S  ---------------

Threads class SMR info:
_java_thread_list=0x000002565ddb4f30, length=24, elements={
0x000002565a01fad0, 0x000002565a022530, 0x000002565a024580, 0x000002565a025380,
0x000002565a02fdf0, 0x000002565a036390, 0x000002565a03b7d0, 0x000002565a035d00,
0x000002565a034950, 0x000002565a032f10, 0x000002565a0342c0, 0x000002565a034fe0,
0x000002565a033c30, 0x000002565b346670, 0x000002565b346d00, 0x000002565b348740,
0x000002565da314a0, 0x000002565b347390, 0x000002565e568740, 0x000002565e564c30,
0x000002565e569460, 0x000002565e56a180, 0x000002565e56a810, 0x000002565e56aea0
}

Java Threads: ( => current thread )
  0x000002565a01fad0 JavaThread "Reference Handler"          daemon [_thread_blocked, id=6716, stack(0x00000057fd600000,0x00000057fd700000) (1024K)]
  0x000002565a022530 JavaThread "Finalizer"                  daemon [_thread_blocked, id=4776, stack(0x00000057fd700000,0x00000057fd800000) (1024K)]
  0x000002565a024580 JavaThread "Signal Dispatcher"          daemon [_thread_blocked, id=6880, stack(0x00000057fd800000,0x00000057fd900000) (1024K)]
  0x000002565a025380 JavaThread "Attach Listener"            daemon [_thread_blocked, id=1248, stack(0x00000057fd900000,0x00000057fda00000) (1024K)]
  0x000002565a02fdf0 JavaThread "Service Thread"             daemon [_thread_blocked, id=8728, stack(0x00000057fda00000,0x00000057fdb00000) (1024K)]
  0x000002565a036390 JavaThread "Monitor Deflation Thread"   daemon [_thread_blocked, id=15932, stack(0x00000057fdb00000,0x00000057fdc00000) (1024K)]
  0x000002565a03b7d0 JavaThread "C1 CompilerThread0"         daemon [_thread_blocked, id=16508, stack(0x00000057fdc00000,0x00000057fdd00000) (1024K)]
  0x000002565a035d00 JavaThread "Common-Cleaner"             daemon [_thread_blocked, id=5868, stack(0x00000057fdd00000,0x00000057fde00000) (1024K)]
  0x000002565a034950 JavaThread "Notification Thread"        daemon [_thread_blocked, id=7364, stack(0x00000057fe000000,0x00000057fe100000) (1024K)]
  0x000002565a032f10 JavaThread "RMI TCP Accept-0"           daemon [_thread_in_native, id=7852, stack(0x00000057fe700000,0x00000057fe800000) (1024K)]
  0x000002565a0342c0 JavaThread "RMI TCP Accept-49391"       daemon [_thread_in_native, id=16156, stack(0x00000057fe800000,0x00000057fe900000) (1024K)]
  0x000002565a034fe0 JavaThread "RMI TCP Accept-0"           daemon [_thread_in_native, id=10688, stack(0x00000057fe900000,0x00000057fea00000) (1024K)]
  0x000002565a033c30 JavaThread "RMI Scheduler(0)"           daemon [_thread_blocked, id=10356, stack(0x00000057fed00000,0x00000057fee00000) (1024K)]
  0x000002565b346670 JavaThread "JMX server connection timeout 35" daemon [_thread_blocked, id=2608, stack(0x00000057fef00000,0x00000057ff000000) (1024K)]
  0x000002565b346d00 JavaThread "PostgreSQL-JDBC-Cleaner"    daemon [_thread_blocked, id=6228, stack(0x00000057ff400000,0x00000057ff500000) (1024K)]
  0x000002565b348740 JavaThread "Live Reload Server"         daemon [_thread_in_native, id=11944, stack(0x00000057ffc00000,0x00000057ffd00000) (1024K)]
  0x000002565da314a0 JavaThread "DestroyJavaVM"                     [_thread_blocked, id=7396, stack(0x00000057fce00000,0x00000057fcf00000) (1024K)]
  0x000002565b347390 JavaThread "RMI TCP Connection(idle)"   daemon [_thread_blocked, id=15908, stack(0x0000005781a00000,0x0000005781b00000) (1024K)]
  0x000002565e568740 JavaThread "AsyncWorker-1"                     [_thread_blocked, id=16064, stack(0x0000005780200000,0x0000005780300000) (1024K)]
  0x000002565e564c30 JavaThread "RMI TCP Connection(idle)"   daemon [_thread_blocked, id=9040, stack(0x0000005781800000,0x0000005781900000) (1024K)]
  0x000002565e569460 JavaThread "RMI TCP Connection(98)-127.0.0.1" daemon [_thread_in_native, id=5908, stack(0x0000005780000000,0x0000005780100000) (1024K)]
  0x000002565e56a180 JavaThread "RMI TCP Connection(idle)"   daemon [_thread_blocked, id=15024, stack(0x0000005781900000,0x0000005781a00000) (1024K)]
  0x000002565e56a810 JavaThread "Thread-41"                         [_thread_blocked, id=12884, stack(0x0000005780300000,0x0000005780400000) (1024K)]
  0x000002565e56aea0 JavaThread "tomcat-shutdown"                   [_thread_blocked, id=11808, stack(0x0000005780500000,0x0000005780600000) (1024K)]
Total: 24

Other Threads:
=>0x00000256535fbc10 VMThread "VM Thread"                           [id=16288, stack(0x00000057fd500000,0x00000057fd600000) (1024K)]
  0x00000256535eb170 WatcherThread "VM Periodic Task Thread"        [id=16332, stack(0x00000057fd400000,0x00000057fd500000) (1024K)]
  0x0000025647ab3230 WorkerThread "GC Thread#0"                     [id=14080, stack(0x00000057fcf00000,0x00000057fd000000) (1024K)]
  0x000002565aa5fdb0 WorkerThread "GC Thread#1"                     [id=7620, stack(0x00000057fe100000,0x00000057fe200000) (1024K)]
  0x000002565aa60150 WorkerThread "GC Thread#2"                     [id=8100, stack(0x00000057fe200000,0x00000057fe300000) (1024K)]
  0x000002565aa604f0 WorkerThread "GC Thread#3"                     [id=15620, stack(0x00000057fe300000,0x00000057fe400000) (1024K)]
  0x000002565aa60890 WorkerThread "GC Thread#4"                     [id=13608, stack(0x00000057fe400000,0x00000057fe500000) (1024K)]
  0x000002565aa68c40 WorkerThread "GC Thread#5"                     [id=8412, stack(0x00000057fe500000,0x00000057fe600000) (1024K)]
  0x000002565b06b5e0 WorkerThread "GC Thread#6"                     [id=7040, stack(0x00000057fea00000,0x00000057feb00000) (1024K)]
  0x000002565b06bd20 WorkerThread "GC Thread#7"                     [id=16812, stack(0x00000057feb00000,0x00000057fec00000) (1024K)]
  0x0000025653442410 ConcurrentGCThread "G1 Main Marker"            [id=4864, stack(0x00000057fd000000,0x00000057fd100000) (1024K)]
  0x0000025653443bd0 WorkerThread "G1 Conc#0"                       [id=1620, stack(0x00000057fd100000,0x00000057fd200000) (1024K)]
  0x000002565b851170 WorkerThread "G1 Conc#1"                       [id=12284, stack(0x00000057ff300000,0x00000057ff400000) (1024K)]
  0x00000256534be090 ConcurrentGCThread "G1 Refine#0"               [id=14732, stack(0x00000057fd200000,0x00000057fd300000) (1024K)]
  0x00000256534be9b0 ConcurrentGCThread "G1 Service"                [id=16768, stack(0x00000057fd300000,0x00000057fd400000) (1024K)]
Total: 15

Threads with active compile tasks:
C1 CompilerThread0  4191687 24846  s!   1       org.apache.catalina.util.LifecycleBase::stop (361 bytes)
Total: 1

VM state: at safepoint (normal execution)

VM Mutex/Monitor currently owned by a thread:  ([mutex/lock_event])
[0x00007ffad9165458] Threads_lock - owner thread: 0x00000256535fbc10
[0x00007ffad9165558] Heap_lock - owner thread: 0x000002565e56a810

Heap address: 0x0000000703200000, size: 4046 MB, Compressed Oops mode: Zero based, Oop shift amount: 3

CDS archive(s) mapped at: [0x0000025600000000-0x0000025600c80000-0x0000025600c80000), size 13107200, SharedBaseAddress: 0x0000025600000000, ArchiveRelocationMode: 1.
Compressed class space mapped at: 0x0000025601000000-0x0000025641000000, reserved size: 1073741824
Narrow klass base: 0x0000025600000000, Narrow klass shift: 0, Narrow klass range: 0x100000000

GC Precious Log:
 CardTable entry size: 512
 Card Set container configuration: InlinePtr #cards 4 size 8 Array Of Cards #cards 16 size 48 Howl #buckets 8 coarsen threshold 3686 Howl Bitmap #cards 512 size 80 coarsen threshold 460 Card regions per heap region 1 cards per card region 4096
 CPUs: 8 total, 8 available
 Memory: 16178M
 Large Page Support: Disabled
 NUMA Support: Disabled
 Compressed Oops: Enabled (Zero based)
 Heap Region Size: 2M
 Heap Min Capacity: 8M
 Heap Initial Capacity: 254M
 Heap Max Capacity: 4046M
 Pre-touch: Disabled
 Parallel Workers: 8
 Concurrent Workers: 2
 Concurrent Refinement Workers: 8
 Periodic GC: Disabled

Heap:
 garbage-first heap   total 141312K, used 79132K [0x0000000703200000, 0x0000000800000000)
  region size 2048K, 15 young (30720K), 4 survivors (8192K)
 Metaspace       used 94627K, committed 96000K, reserved 1179648K
  class space    used 13325K, committed 13952K, reserved 1048576K

Heap Regions: E=young(eden), S=young(survivor), O=old, HS=humongous(starts), HC=humongous(continues), CS=collection set, F=free, TAMS=top-at-mark-start, PB=parsable bottom
|   0|0x0000000703200000, 0x0000000703400000, 0x0000000703400000|100%| O|  |TAMS 0x0000000703200000| PB 0x0000000703200000| Untracked 
|   1|0x0000000703400000, 0x00000007035ffff8, 0x0000000703600000| 99%| O|  |TAMS 0x0000000703400000| PB 0x0000000703400000| Untracked 
|   2|0x0000000703600000, 0x0000000703800000, 0x0000000703800000|100%| O|  |TAMS 0x0000000703600000| PB 0x0000000703600000| Untracked 
|   3|0x0000000703800000, 0x00000007039fffd0, 0x0000000703a00000| 99%| O|  |TAMS 0x0000000703800000| PB 0x0000000703800000| Untracked 
|   4|0x0000000703a00000, 0x0000000703bffff0, 0x0000000703c00000| 99%| O|  |TAMS 0x0000000703a00000| PB 0x0000000703a00000| Untracked 
|   5|0x0000000703c00000, 0x0000000703e00000, 0x0000000703e00000|100%| O|  |TAMS 0x0000000703c00000| PB 0x0000000703c00000| Untracked 
|   6|0x0000000703e00000, 0x0000000703ffffd0, 0x0000000704000000| 99%| O|  |TAMS 0x0000000703e00000| PB 0x0000000703e00000| Untracked 
|   7|0x0000000704000000, 0x00000007041ffeb0, 0x0000000704200000| 99%| O|  |TAMS 0x0000000704000000| PB 0x0000000704000000| Untracked 
|   8|0x0000000704200000, 0x0000000704400000, 0x0000000704400000|100%| O|  |TAMS 0x0000000704200000| PB 0x0000000704200000| Untracked 
|   9|0x0000000704400000, 0x00000007045fff90, 0x0000000704600000| 99%| O|  |TAMS 0x0000000704400000| PB 0x0000000704400000| Untracked 
|  10|0x0000000704600000, 0x00000007047ffff0, 0x0000000704800000| 99%| O|  |TAMS 0x0000000704600000| PB 0x0000000704600000| Untracked 
|  11|0x0000000704800000, 0x00000007049ffff0, 0x0000000704a00000| 99%| O|  |TAMS 0x0000000704800000| PB 0x0000000704800000| Untracked 
|  12|0x0000000704a00000, 0x0000000704c00000, 0x0000000704c00000|100%| O|  |TAMS 0x0000000704a00000| PB 0x0000000704a00000| Untracked 
|  13|0x0000000704c00000, 0x0000000704dfffe8, 0x0000000704e00000| 99%| O|  |TAMS 0x0000000704c00000| PB 0x0000000704c00000| Untracked 
|  14|0x0000000704e00000, 0x0000000704ffffe8, 0x0000000705000000| 99%| O|  |TAMS 0x0000000704e00000| PB 0x0000000704e00000| Untracked 
|  15|0x0000000705000000, 0x00000007051ffff8, 0x0000000705200000| 99%| O|  |TAMS 0x0000000705000000| PB 0x0000000705000000| Untracked 
|  16|0x0000000705200000, 0x00000007053ffff0, 0x0000000705400000| 99%| O|  |TAMS 0x0000000705200000| PB 0x0000000705200000| Untracked 
|  17|0x0000000705400000, 0x00000007055fffe0, 0x0000000705600000| 99%| O|  |TAMS 0x0000000705400000| PB 0x0000000705400000| Untracked 
|  18|0x0000000705600000, 0x00000007057fffd8, 0x0000000705800000| 99%| O|  |TAMS 0x0000000705600000| PB 0x0000000705600000| Untracked 
|  19|0x0000000705800000, 0x0000000705932da0, 0x0000000705a00000| 59%| O|  |TAMS 0x0000000705800000| PB 0x0000000705800000| Untracked 
|  20|0x0000000705a00000, 0x0000000705bfffd8, 0x0000000705c00000| 99%| O|  |TAMS 0x0000000705a00000| PB 0x0000000705a00000| Untracked 
|  21|0x0000000705c00000, 0x0000000705dffff8, 0x0000000705e00000| 99%| O|  |TAMS 0x0000000705c00000| PB 0x0000000705c00000| Untracked 
|  22|0x0000000705e00000, 0x0000000705ffffc0, 0x0000000706000000| 99%| O|  |TAMS 0x0000000705e00000| PB 0x0000000705e00000| Untracked 
|  23|0x0000000706000000, 0x000000070603d4f0, 0x0000000706200000| 11%| O|Cm|TAMS 0x0000000706000000| PB 0x0000000706000000| Complete 
|  24|0x0000000706200000, 0x0000000706200000, 0x0000000706400000|  0%| F|  |TAMS 0x0000000706200000| PB 0x0000000706200000| Untracked 
|  25|0x0000000706400000, 0x000000070653b6e0, 0x0000000706600000| 61%| O|  |TAMS 0x0000000706400000| PB 0x0000000706400000| Untracked 
|  26|0x0000000706600000, 0x00000007067fffd8, 0x0000000706800000| 99%| O|  |TAMS 0x0000000706600000| PB 0x0000000706600000| Untracked 
|  27|0x0000000706800000, 0x00000007068f1ee0, 0x0000000706a00000| 47%| O|  |TAMS 0x0000000706800000| PB 0x0000000706800000| Untracked 
|  28|0x0000000706a00000, 0x0000000706a00000, 0x0000000706c00000|  0%| F|  |TAMS 0x0000000706a00000| PB 0x0000000706a00000| Untracked 
|  29|0x0000000706c00000, 0x0000000706c00000, 0x0000000706e00000|  0%| F|  |TAMS 0x0000000706c00000| PB 0x0000000706c00000| Untracked 
|  30|0x0000000706e00000, 0x0000000706f342f0, 0x0000000707000000| 60%| S|CS|TAMS 0x0000000706e00000| PB 0x0000000706e00000| Complete 
|  31|0x0000000707000000, 0x00000007070758e0, 0x0000000707200000| 22%| O|  |TAMS 0x0000000707000000| PB 0x0000000707000000| Untracked 
|  32|0x0000000707200000, 0x0000000707200000, 0x0000000707400000|  0%| F|  |TAMS 0x0000000707200000| PB 0x0000000707200000| Untracked 
|  33|0x0000000707400000, 0x0000000707400000, 0x0000000707600000|  0%| F|  |TAMS 0x0000000707400000| PB 0x0000000707400000| Untracked 
|  34|0x0000000707600000, 0x0000000707600000, 0x0000000707800000|  0%| F|  |TAMS 0x0000000707600000| PB 0x0000000707600000| Untracked 
|  35|0x0000000707800000, 0x0000000707a00000, 0x0000000707a00000|100%| S|CS|TAMS 0x0000000707800000| PB 0x0000000707800000| Complete 
|  36|0x0000000707a00000, 0x0000000707c00000, 0x0000000707c00000|100%| S|CS|TAMS 0x0000000707a00000| PB 0x0000000707a00000| Complete 
|  37|0x0000000707c00000, 0x0000000707e00000, 0x0000000707e00000|100%| S|CS|TAMS 0x0000000707c00000| PB 0x0000000707c00000| Complete 
|  38|0x0000000707e00000, 0x0000000707e00000, 0x0000000708000000|  0%| F|  |TAMS 0x0000000707e00000| PB 0x0000000707e00000| Untracked 
|  39|0x0000000708000000, 0x0000000708000000, 0x0000000708200000|  0%| F|  |TAMS 0x0000000708000000| PB 0x0000000708000000| Untracked 
|  40|0x0000000708200000, 0x0000000708200000, 0x0000000708400000|  0%| F|  |TAMS 0x0000000708200000| PB 0x0000000708200000| Untracked 
|  41|0x0000000708400000, 0x0000000708400000, 0x0000000708600000|  0%| F|  |TAMS 0x0000000708400000| PB 0x0000000708400000| Untracked 
|  42|0x0000000708600000, 0x0000000708600000, 0x0000000708800000|  0%| F|  |TAMS 0x0000000708600000| PB 0x0000000708600000| Untracked 
|  43|0x0000000708800000, 0x0000000708800000, 0x0000000708a00000|  0%| F|  |TAMS 0x0000000708800000| PB 0x0000000708800000| Untracked 
|  44|0x0000000708a00000, 0x0000000708a00000, 0x0000000708c00000|  0%| F|  |TAMS 0x0000000708a00000| PB 0x0000000708a00000| Untracked 
|  45|0x0000000708c00000, 0x0000000708c00000, 0x0000000708e00000|  0%| F|  |TAMS 0x0000000708c00000| PB 0x0000000708c00000| Untracked 
|  46|0x0000000708e00000, 0x0000000708e00000, 0x0000000709000000|  0%| F|  |TAMS 0x0000000708e00000| PB 0x0000000708e00000| Untracked 
|  47|0x0000000709000000, 0x0000000709000000, 0x0000000709200000|  0%| F|  |TAMS 0x0000000709000000| PB 0x0000000709000000| Untracked 
|  48|0x0000000709200000, 0x0000000709200000, 0x0000000709400000|  0%| F|  |TAMS 0x0000000709200000| PB 0x0000000709200000| Untracked 
|  49|0x0000000709400000, 0x0000000709400000, 0x0000000709600000|  0%| F|  |TAMS 0x0000000709400000| PB 0x0000000709400000| Untracked 
|  50|0x0000000709600000, 0x0000000709600000, 0x0000000709800000|  0%| F|  |TAMS 0x0000000709600000| PB 0x0000000709600000| Untracked 
|  51|0x0000000709800000, 0x0000000709800000, 0x0000000709a00000|  0%| F|  |TAMS 0x0000000709800000| PB 0x0000000709800000| Untracked 
|  52|0x0000000709a00000, 0x0000000709a00000, 0x0000000709c00000|  0%| F|  |TAMS 0x0000000709a00000| PB 0x0000000709a00000| Untracked 
|  53|0x0000000709c00000, 0x0000000709c00000, 0x0000000709e00000|  0%| F|  |TAMS 0x0000000709c00000| PB 0x0000000709c00000| Untracked 
|  54|0x0000000709e00000, 0x0000000709e00000, 0x000000070a000000|  0%| F|  |TAMS 0x0000000709e00000| PB 0x0000000709e00000| Untracked 
|  55|0x000000070a000000, 0x000000070a000000, 0x000000070a200000|  0%| F|  |TAMS 0x000000070a000000| PB 0x000000070a000000| Untracked 
|  56|0x000000070a200000, 0x000000070a200000, 0x000000070a400000|  0%| F|  |TAMS 0x000000070a200000| PB 0x000000070a200000| Untracked 
|  57|0x000000070a400000, 0x000000070a400000, 0x000000070a600000|  0%| F|  |TAMS 0x000000070a400000| PB 0x000000070a400000| Untracked 
|  58|0x000000070a600000, 0x000000070a800000, 0x000000070a800000|100%| E|  |TAMS 0x000000070a600000| PB 0x000000070a600000| Complete 
|  59|0x000000070a800000, 0x000000070aa00000, 0x000000070aa00000|100%| E|CS|TAMS 0x000000070a800000| PB 0x000000070a800000| Complete 
|  60|0x000000070aa00000, 0x000000070ac00000, 0x000000070ac00000|100%| E|CS|TAMS 0x000000070aa00000| PB 0x000000070aa00000| Complete 
|  61|0x000000070ac00000, 0x000000070ae00000, 0x000000070ae00000|100%| E|CS|TAMS 0x000000070ac00000| PB 0x000000070ac00000| Complete 
|  62|0x000000070ae00000, 0x000000070b000000, 0x000000070b000000|100%| E|CS|TAMS 0x000000070ae00000| PB 0x000000070ae00000| Complete 
|  63|0x000000070b000000, 0x000000070b200000, 0x000000070b200000|100%| E|CS|TAMS 0x000000070b000000| PB 0x000000070b000000| Complete 
|  64|0x000000070b200000, 0x000000070b400000, 0x000000070b400000|100%| E|CS|TAMS 0x000000070b200000| PB 0x000000070b200000| Complete 
|  65|0x000000070b400000, 0x000000070b600000, 0x000000070b600000|100%| E|CS|TAMS 0x000000070b400000| PB 0x000000070b400000| Complete 
| 111|0x0000000711000000, 0x0000000711200000, 0x0000000711200000|100%| E|CS|TAMS 0x0000000711000000| PB 0x0000000711000000| Complete 
| 112|0x0000000711200000, 0x0000000711400000, 0x0000000711400000|100%| E|CS|TAMS 0x0000000711200000| PB 0x0000000711200000| Complete 
| 126|0x0000000712e00000, 0x0000000713000000, 0x0000000713000000|100%| E|CS|TAMS 0x0000000712e00000| PB 0x0000000712e00000| Complete 

Card table byte_map: [0x000002564ecd0000,0x000002564f4c0000] _byte_map_base: 0x000002564b4b7000

Marking Bits: (CMBitMap*) 0x0000025647ab3840
 Bits: [0x000002564f4c0000, 0x00000256533f8000)

Polling page: 0x0000025645890000

Metaspace:

Usage:
  Non-class:     79.40 MB used.
      Class:     13.01 MB used.
       Both:     92.41 MB used.

Virtual space:
  Non-class space:      128.00 MB reserved,      80.12 MB ( 63%) committed,  2 nodes.
      Class space:        1.00 GB reserved,      13.62 MB (  1%) committed,  1 nodes.
             Both:        1.12 GB reserved,      93.75 MB (  8%) committed. 

Chunk freelists:
   Non-Class:  15.19 MB
       Class:  2.35 MB
        Both:  17.54 MB

MaxMetaspaceSize: unlimited
CompressedClassSpaceSize: 1.00 GB
Initial GC threshold: 21.00 MB
Current GC threshold: 155.56 MB
CDS: on
 - commit_granule_bytes: 65536.
 - commit_granule_words: 8192.
 - virtual_space_node_default_size: 8388608.
 - enlarge_chunks_in_place: 1.
 - use_allocation_guard: 0.


Internal statistics:

num_allocs_failed_limit: 6.
num_arena_births: 6340.
num_arena_deaths: 4318.
num_vsnodes_births: 3.
num_vsnodes_deaths: 0.
num_space_committed: 1501.
num_space_uncommitted: 1.
num_chunks_returned_to_freelist: 5511.
num_chunks_taken_from_freelist: 12136.
num_chunk_merges: 1443.
num_chunk_splits: 6300.
num_chunks_enlarged: 3885.
num_inconsistent_stats: 0.

CodeCache: size=49152Kb used=21546Kb max_used=27637Kb free=27605Kb
 bounds [0x000002564b3d0000, 0x000002564cf20000, 0x000002564e3d0000]
 total_blobs=11318, nmethods=10451, adapters=789, full_count=0
Compilation: enabled, stopped_count=0, restarted_count=0

Compilation events (20 events):
Event: 4160.283 Thread 0x000002565e820650 nmethod 24837 0x000002564bf2b390 code [0x000002564bf2b540, 0x000002564bf2b638]
Event: 4160.283 Thread 0x000002565e820650 24838       1       java.util.TreeMap::firstKey (8 bytes)
Event: 4160.283 Thread 0x000002565a03b7d0 nmethod 24833 0x000002564bd9a290 code [0x000002564bd9a4c0, 0x000002564bd9a8b8]
Event: 4160.283 Thread 0x000002565a03b7d0 24839       1       java.util.TreeMap::key (17 bytes)
Event: 4160.283 Thread 0x000002565a03b7d0 nmethod 24839 0x000002564bb15710 code [0x000002564bb158c0, 0x000002564bb15a20]
Event: 4160.283 Thread 0x000002565a03b7d0 24840       1       org.springframework.web.servlet.mvc.method.RequestMappingInfoHandlerMapping$$Lambda/0x0000025601b08ad0::<init> (15 bytes)
Event: 4160.284 Thread 0x000002565e820650 nmethod 24838 0x000002564bea3310 code [0x000002564bea34c0, 0x000002564bea3678]
Event: 4160.284 Thread 0x000002565e820650 24841       1       org.springframework.web.servlet.mvc.method.RequestMappingInfoHandlerMapping$$Lambda/0x0000025601b0b358::<init> (10 bytes)
Event: 4160.284 Thread 0x000002565a03b7d0 nmethod 24840 0x000002564bf40810 code [0x000002564bf409a0, 0x000002564bf40b10]
Event: 4160.284 Thread 0x000002565e820650 nmethod 24841 0x000002564bee2210 code [0x000002564bee23a0, 0x000002564bee24b8]
Event: 4160.285 Thread 0x000002565ec21720 nmethod 24835 0x000002564bf68a10 code [0x000002564bf68d00, 0x000002564bf696a8]
Event: 4179.011 Thread 0x000002565a03b7d0 24842       1       java.lang.Thread::uncaughtExceptionHandler (6 bytes)
Event: 4179.011 Thread 0x000002565a03b7d0 nmethod 24842 0x000002564bf14310 code [0x000002564bf144a0, 0x000002564bf145c0]
Event: 4190.614 Thread 0x000002565a03b7d0 24843   !   1       java.lang.Thread::interrupt (61 bytes)
Event: 4190.615 Thread 0x000002565a03b7d0 nmethod 24843 0x000002564bf1cd10 code [0x000002564bf1cec0, 0x000002564bf1d128]
Event: 4190.619 Thread 0x000002565a03b7d0 24844       1       java.util.logging.LogRecord::setLoggerName (6 bytes)
Event: 4190.619 Thread 0x000002565a03b7d0 nmethod 24844 0x000002564bf2d210 code [0x000002564bf2d3a0, 0x000002564bf2d4b8]
Event: 4190.620 Thread 0x000002565a03b7d0 24845       1       org.apache.catalina.core.DefaultInstanceManager::preDestroy (105 bytes)
Event: 4190.621 Thread 0x000002565a03b7d0 nmethod 24845 0x000002564c3aa690 code [0x000002564c3aa920, 0x000002564c3ab0a0]
Event: 4190.622 Thread 0x000002565a03b7d0 24846  s!   1       org.apache.catalina.util.LifecycleBase::stop (361 bytes)

GC Heap History (20 events):
Event: 3971.517 GC heap after
{Heap after GC invocations=72 (full 6):
 garbage-first heap   total 141312K, used 62184K [0x0000000703200000, 0x0000000800000000)
  region size 2048K, 1 young (2048K), 1 survivors (2048K)
 Metaspace       used 92356K, committed 93696K, reserved 1179648K
  class space    used 13103K, committed 13696K, reserved 1048576K
}
Event: 4074.834 GC heap before
{Heap before GC invocations=73 (full 6):
 garbage-first heap   total 141312K, used 94952K [0x0000000703200000, 0x0000000800000000)
  region size 2048K, 19 young (38912K), 1 survivors (2048K)
 Metaspace       used 92244K, committed 93696K, reserved 1179648K
  class space    used 13073K, committed 13696K, reserved 1048576K
}
Event: 4074.912 GC heap after
{Heap after GC invocations=74 (full 7):
 garbage-first heap   total 141312K, used 45653K [0x0000000703200000, 0x0000000800000000)
  region size 2048K, 0 young (0K), 0 survivors (0K)
 Metaspace       used 92019K, committed 93696K, reserved 1179648K
  class space    used 13020K, committed 13696K, reserved 1048576K
}
Event: 4075.911 GC heap before
{Heap before GC invocations=74 (full 7):
 garbage-first heap   total 141312K, used 117333K [0x0000000703200000, 0x0000000800000000)
  region size 2048K, 36 young (73728K), 0 survivors (0K)
 Metaspace       used 92432K, committed 93760K, reserved 1179648K
  class space    used 13089K, committed 13696K, reserved 1048576K
}
Event: 4075.918 GC heap after
{Heap after GC invocations=75 (full 7):
 garbage-first heap   total 141312K, used 52680K [0x0000000703200000, 0x0000000800000000)
  region size 2048K, 4 young (8192K), 4 survivors (8192K)
 Metaspace       used 92432K, committed 93760K, reserved 1179648K
  class space    used 13089K, committed 13696K, reserved 1048576K
}
Event: 4076.673 GC heap before
{Heap before GC invocations=76 (full 7):
 garbage-first heap   total 141312K, used 116168K [0x0000000703200000, 0x0000000800000000)
  region size 2048K, 36 young (73728K), 4 survivors (8192K)
 Metaspace       used 92428K, committed 93760K, reserved 1179648K
  class space    used 13023K, committed 13696K, reserved 1048576K
}
Event: 4076.681 GC heap after
{Heap after GC invocations=77 (full 7):
 garbage-first heap   total 141312K, used 57292K [0x0000000703200000, 0x0000000800000000)
  region size 2048K, 3 young (6144K), 3 survivors (6144K)
 Metaspace       used 92428K, committed 93760K, reserved 1179648K
  class space    used 13023K, committed 13696K, reserved 1048576K
}
Event: 4108.453 GC heap before
{Heap before GC invocations=77 (full 7):
 garbage-first heap   total 141312K, used 112588K [0x0000000703200000, 0x0000000800000000)
  region size 2048K, 32 young (65536K), 3 survivors (6144K)
 Metaspace       used 93301K, committed 94720K, reserved 1179648K
  class space    used 13194K, committed 13824K, reserved 1048576K
}
Event: 4108.539 GC heap after
{Heap after GC invocations=78 (full 8):
 garbage-first heap   total 141312K, used 51841K [0x0000000703200000, 0x0000000800000000)
  region size 2048K, 0 young (0K), 0 survivors (0K)
 Metaspace       used 93162K, committed 94720K, reserved 1179648K
  class space    used 13162K, committed 13824K, reserved 1048576K
}
Event: 4109.162 GC heap before
{Heap before GC invocations=78 (full 8):
 garbage-first heap   total 141312K, used 117377K [0x0000000703200000, 0x0000000800000000)
  region size 2048K, 33 young (67584K), 0 survivors (0K)
 Metaspace       used 93458K, committed 94848K, reserved 1179648K
  class space    used 13211K, committed 13824K, reserved 1048576K
}
Event: 4109.167 GC heap after
{Heap after GC invocations=79 (full 8):
 garbage-first heap   total 141312K, used 56807K [0x0000000703200000, 0x0000000800000000)
  region size 2048K, 3 young (6144K), 3 survivors (6144K)
 Metaspace       used 93458K, committed 94848K, reserved 1179648K
  class space    used 13211K, committed 13824K, reserved 1048576K
}
Event: 4109.913 GC heap before
{Heap before GC invocations=80 (full 8):
 garbage-first heap   total 141312K, used 120295K [0x0000000703200000, 0x0000000800000000)
  region size 2048K, 34 young (69632K), 3 survivors (6144K)
 Metaspace       used 93918K, committed 95296K, reserved 1179648K
  class space    used 13255K, committed 13888K, reserved 1048576K
}
Event: 4109.918 GC heap after
{Heap after GC invocations=81 (full 8):
 garbage-first heap   total 141312K, used 59434K [0x0000000703200000, 0x0000000800000000)
  region size 2048K, 4 young (8192K), 4 survivors (8192K)
 Metaspace       used 93918K, committed 95296K, reserved 1179648K
  class space    used 13255K, committed 13888K, reserved 1048576K
}
Event: 4157.264 GC heap before
{Heap before GC invocations=81 (full 8):
 garbage-first heap   total 141312K, used 86058K [0x0000000703200000, 0x0000000800000000)
  region size 2048K, 18 young (36864K), 4 survivors (8192K)
 Metaspace       used 93926K, committed 95296K, reserved 1179648K
  class space    used 13257K, committed 13888K, reserved 1048576K
}
Event: 4157.351 GC heap after
{Heap after GC invocations=82 (full 9):
 garbage-first heap   total 141312K, used 51275K [0x0000000703200000, 0x0000000800000000)
  region size 2048K, 0 young (0K), 0 survivors (0K)
 Metaspace       used 93891K, committed 95296K, reserved 1179648K
  class space    used 13253K, committed 13888K, reserved 1048576K
}
Event: 4158.246 GC heap before
{Heap before GC invocations=82 (full 9):
 garbage-first heap   total 141312K, used 118859K [0x0000000703200000, 0x0000000800000000)
  region size 2048K, 34 young (69632K), 0 survivors (0K)
 Metaspace       used 94188K, committed 95552K, reserved 1179648K
  class space    used 13288K, committed 13888K, reserved 1048576K
}
Event: 4158.250 GC heap after
{Heap after GC invocations=83 (full 9):
 garbage-first heap   total 141312K, used 56318K [0x0000000703200000, 0x0000000800000000)
  region size 2048K, 3 young (6144K), 3 survivors (6144K)
 Metaspace       used 94188K, committed 95552K, reserved 1179648K
  class space    used 13288K, committed 13888K, reserved 1048576K
}
Event: 4158.879 GC heap before
{Heap before GC invocations=84 (full 9):
 garbage-first heap   total 141312K, used 117758K [0x0000000703200000, 0x0000000800000000)
  region size 2048K, 34 young (69632K), 3 survivors (6144K)
 Metaspace       used 94618K, committed 96000K, reserved 1179648K
  class space    used 13323K, committed 13952K, reserved 1048576K
}
Event: 4158.885 GC heap after
{Heap after GC invocations=85 (full 9):
 garbage-first heap   total 141312K, used 58652K [0x0000000703200000, 0x0000000800000000)
  region size 2048K, 4 young (8192K), 4 survivors (8192K)
 Metaspace       used 94618K, committed 96000K, reserved 1179648K
  class space    used 13323K, committed 13952K, reserved 1048576K
}
Event: 4190.622 GC heap before
{Heap before GC invocations=85 (full 9):
 garbage-first heap   total 141312K, used 79132K [0x0000000703200000, 0x0000000800000000)
  region size 2048K, 15 young (30720K), 4 survivors (8192K)
 Metaspace       used 94627K, committed 96000K, reserved 1179648K
  class space    used 13325K, committed 13952K, reserved 1048576K
}

Dll operation events (11 events):
Event: 0.017 Loaded shared library D:\project\dev_boot_project\sts-4.32.0.RELEASE\plugins\org.eclipse.justj.openjdk.hotspot.jre.full.win32.x86_64_21.0.8.v20250724-1412\jre\bin\java.dll
Event: 0.046 Loaded shared library D:\project\dev_boot_project\sts-4.32.0.RELEASE\plugins\org.eclipse.justj.openjdk.hotspot.jre.full.win32.x86_64_21.0.8.v20250724-1412\jre\bin\zip.dll
Event: 0.265 Loaded shared library D:\project\dev_boot_project\sts-4.32.0.RELEASE\plugins\org.eclipse.justj.openjdk.hotspot.jre.full.win32.x86_64_21.0.8.v20250724-1412\jre\bin\jimage.dll
Event: 0.272 Loaded shared library D:\project\dev_boot_project\sts-4.32.0.RELEASE\plugins\org.eclipse.justj.openjdk.hotspot.jre.full.win32.x86_64_21.0.8.v20250724-1412\jre\bin\net.dll
Event: 0.277 Loaded shared library D:\project\dev_boot_project\sts-4.32.0.RELEASE\plugins\org.eclipse.justj.openjdk.hotspot.jre.full.win32.x86_64_21.0.8.v20250724-1412\jre\bin\nio.dll
Event: 0.279 Loaded shared library D:\project\dev_boot_project\sts-4.32.0.RELEASE\plugins\org.eclipse.justj.openjdk.hotspot.jre.full.win32.x86_64_21.0.8.v20250724-1412\jre\bin\zip.dll
Event: 0.464 Loaded shared library D:\project\dev_boot_project\sts-4.32.0.RELEASE\plugins\org.eclipse.justj.openjdk.hotspot.jre.full.win32.x86_64_21.0.8.v20250724-1412\jre\bin\management.dll
Event: 0.476 Loaded shared library D:\project\dev_boot_project\sts-4.32.0.RELEASE\plugins\org.eclipse.justj.openjdk.hotspot.jre.full.win32.x86_64_21.0.8.v20250724-1412\jre\bin\management_ext.dll
Event: 0.780 Loaded shared library D:\project\dev_boot_project\sts-4.32.0.RELEASE\plugins\org.eclipse.justj.openjdk.hotspot.jre.full.win32.x86_64_21.0.8.v20250724-1412\jre\bin\extnet.dll
Event: 2.297 Loaded shared library D:\project\dev_boot_project\sts-4.32.0.RELEASE\plugins\org.eclipse.justj.openjdk.hotspot.jre.full.win32.x86_64_21.0.8.v20250724-1412\jre\bin\sunmscapi.dll
Event: 3.408 Loaded shared library D:\project\dev_boot_project\sts-4.32.0.RELEASE\plugins\org.eclipse.justj.openjdk.hotspot.jre.full.win32.x86_64_21.0.8.v20250724-1412\jre\bin\verify.dll

Deoptimization events (10 events):
Event: 6.753 Thread 0x000002565b343880 DEOPT PACKING pc=0x000002564b968694 sp=0x00000057ff1f9e30
Event: 6.753 Thread 0x000002565b343880 DEOPT UNPACKING pc=0x000002564b424e42 sp=0x00000057ff1f9370 mode 0
Event: 6.753 Thread 0x000002565b343880 DEOPT PACKING pc=0x000002564b9672c4 sp=0x00000057ff1f9f40
Event: 6.753 Thread 0x000002565b343880 DEOPT UNPACKING pc=0x000002564b424e42 sp=0x00000057ff1f93f8 mode 0
Event: 1217.629 Thread 0x000002565b3445a0 DEOPT PACKING pc=0x000002564c94e790 sp=0x0000005780df9e10
Event: 1217.630 Thread 0x000002565b3445a0 DEOPT UNPACKING pc=0x000002564b424e42 sp=0x0000005780df92e0 mode 3
Event: 1217.646 Thread 0x000002565b3445a0 DEOPT PACKING pc=0x000002564b73682c sp=0x0000005780df79a0
Event: 1217.646 Thread 0x000002565b3445a0 DEOPT UNPACKING pc=0x000002564b424e42 sp=0x0000005780df6f68 mode 0
Event: 1232.754 Thread 0x000002565b347a20 DEOPT PACKING pc=0x000002564c8fe264 sp=0x0000005780ff6390
Event: 1232.754 Thread 0x000002565b347a20 DEOPT UNPACKING pc=0x000002564b424e42 sp=0x0000005780ff57b8 mode 0

Classes loaded (20 events):
Event: 4077.357 Loading class java/lang/SystemCustomizer
Event: 4077.357 Loading class java/lang/SystemCustomizer done
Event: 4077.358 Loading class java/lang/SystemCustomizer
Event: 4077.358 Loading class java/lang/SystemCustomizer done
Event: 4077.480 Loading class java/util/Collections$UnmodifiableRandomAccessListBeanInfo
Event: 4077.480 Loading class java/util/Collections$UnmodifiableRandomAccessListBeanInfo done
Event: 4077.481 Loading class java/util/Collections$UnmodifiableRandomAccessListBeanInfo
Event: 4077.481 Loading class java/util/Collections$UnmodifiableRandomAccessListBeanInfo done
Event: 4077.482 Loading class java/util/Collections$UnmodifiableListBeanInfo
Event: 4077.482 Loading class java/util/Collections$UnmodifiableListBeanInfo done
Event: 4077.483 Loading class java/util/Collections$UnmodifiableListBeanInfo
Event: 4077.483 Loading class java/util/Collections$UnmodifiableListBeanInfo done
Event: 4077.483 Loading class java/util/Collections$UnmodifiableListCustomizer
Event: 4077.483 Loading class java/util/Collections$UnmodifiableListCustomizer done
Event: 4077.484 Loading class java/util/Collections$UnmodifiableListCustomizer
Event: 4077.484 Loading class java/util/Collections$UnmodifiableListCustomizer done
Event: 4077.485 Loading class java/util/Collections$UnmodifiableRandomAccessListCustomizer
Event: 4077.485 Loading class java/util/Collections$UnmodifiableRandomAccessListCustomizer done
Event: 4077.486 Loading class java/util/Collections$UnmodifiableRandomAccessListCustomizer
Event: 4077.486 Loading class java/util/Collections$UnmodifiableRandomAccessListCustomizer done

Classes unloaded (20 events):
Event: 4108.483 Thread 0x00000256535fbc10 Unloading class 0x00000256010c1c00 'java/lang/invoke/LambdaForm$MH+0x00000256010c1c00'
Event: 4157.291 Thread 0x00000256535fbc10 Unloading class 0x0000025601d94400 'jdk/internal/reflect/GeneratedSerializationConstructorAccessor149'
Event: 4157.291 Thread 0x00000256535fbc10 Unloading class 0x0000025601d94000 'jdk/internal/reflect/GeneratedSerializationConstructorAccessor148'
Event: 4157.291 Thread 0x00000256535fbc10 Unloading class 0x0000025601d8b400 'jdk/internal/reflect/GeneratedSerializationConstructorAccessor147'
Event: 4157.291 Thread 0x00000256535fbc10 Unloading class 0x0000025601d8b000 'jdk/internal/reflect/GeneratedSerializationConstructorAccessor146'
Event: 4157.291 Thread 0x00000256535fbc10 Unloading class 0x0000025601d89800 'jdk/internal/reflect/GeneratedSerializationConstructorAccessor145'
Event: 4157.291 Thread 0x00000256535fbc10 Unloading class 0x0000025601d5a350 'org/apache/catalina/loader/JdbcLeakPrevention'
Event: 4157.291 Thread 0x00000256535fbc10 Unloading class 0x0000025601d5a000 'jdk/proxy19/$Proxy200'
Event: 4158.338 Thread 0x00000256535fbc10 Unloading class 0x0000025601a30400 'java/lang/invoke/LambdaForm$MH+0x0000025601a30400'
Event: 4158.338 Thread 0x00000256535fbc10 Unloading class 0x0000025601bfc000 'java/lang/invoke/LambdaForm$MH+0x0000025601bfc000'
Event: 4158.338 Thread 0x00000256535fbc10 Unloading class 0x0000025601c01000 'java/lang/invoke/LambdaForm$MH+0x0000025601c01000'
Event: 4158.338 Thread 0x00000256535fbc10 Unloading class 0x0000025601a8d000 'java/lang/invoke/LambdaForm$MH+0x0000025601a8d000'
Event: 4158.338 Thread 0x00000256535fbc10 Unloading class 0x0000025601478800 'java/lang/invoke/LambdaForm$MH+0x0000025601478800'
Event: 4158.338 Thread 0x00000256535fbc10 Unloading class 0x0000025601d24800 'java/lang/invoke/LambdaForm$MH+0x0000025601d24800'
Event: 4158.338 Thread 0x00000256535fbc10 Unloading class 0x00000256014d0000 'java/lang/invoke/LambdaForm$MH+0x00000256014d0000'
Event: 4158.338 Thread 0x00000256535fbc10 Unloading class 0x00000256019b0800 'java/lang/invoke/LambdaForm$MH+0x00000256019b0800'
Event: 4158.338 Thread 0x00000256535fbc10 Unloading class 0x0000025601a30c00 'java/lang/invoke/LambdaForm$MH+0x0000025601a30c00'
Event: 4158.338 Thread 0x00000256535fbc10 Unloading class 0x0000025601ac1000 'java/lang/invoke/LambdaForm$MH+0x0000025601ac1000'
Event: 4158.338 Thread 0x00000256535fbc10 Unloading class 0x0000025601cf3000 'java/lang/invoke/LambdaForm$MH+0x0000025601cf3000'
Event: 4158.338 Thread 0x00000256535fbc10 Unloading class 0x0000025601d42000 'java/lang/invoke/LambdaForm$MH+0x0000025601d42000'

Classes redefined (0 events):
No events

Internal exceptions (20 events):
Event: 4108.550 Thread 0x000002565e565fe0 Exception <a 'sun/nio/fs/WindowsException'{0x0000000712e9e578}> (0x0000000712e9e578) 
thrown [s\src\hotspot\share\prims\jni.cpp, line 520]
Event: 4108.939 Thread 0x000002565e565fe0 Exception <a 'java/lang/NoClassDefFoundError'{0x000000070947cee8}: org/flywaydb/core/Flyway> (0x000000070947cee8) 
thrown [s\src\hotspot\share\oops\constantPool.cpp, line 873]
Event: 4108.939 Thread 0x000002565e565fe0 Exception <a 'java/lang/NoClassDefFoundError'{0x000000070947d548}: liquibase/integration/spring/SpringLiquibase> (0x000000070947d548) 
thrown [s\src\hotspot\share\oops\constantPool.cpp, line 873]
Event: 4108.941 Thread 0x000002565e565fe0 Exception <a 'java/lang/NoClassDefFoundError'{0x00000007094aefb8}: org/jooq/DSLContext> (0x00000007094aefb8) 
thrown [s\src\hotspot\share\oops\constantPool.cpp, line 873]
Event: 4108.945 Thread 0x000002565e565fe0 Exception <a 'java/lang/NoClassDefFoundError'{0x0000000709519130}: org/springframework/batch/core/repository/JobRepository> (0x0000000709519130) 
thrown [s\src\hotspot\share\oops\constantPool.cpp, line 873]
Event: 4108.945 Thread 0x000002565e565fe0 Exception <a 'java/lang/NoClassDefFoundError'{0x0000000709519788}: org/quartz/Scheduler> (0x0000000709519788) 
thrown [s\src\hotspot\share\oops\constantPool.cpp, line 873]
Event: 4108.945 Thread 0x000002565e565fe0 Exception <a 'java/lang/NoClassDefFoundError'{0x0000000709519e38}: org/springframework/session/jdbc/JdbcIndexedSessionRepository> (0x0000000709519e38) 
thrown [s\src\hotspot\share\oops\constantPool.cpp, line 873]
Event: 4109.065 Thread 0x000002565e565fe0 Exception <a 'java/io/FileNotFoundException'{0x000000070857b898}> (0x000000070857b898) 
thrown [s\src\hotspot\share\prims\jni.cpp, line 520]
Event: 4109.662 Thread 0x000002565e565fe0 Exception <a 'java/io/FileNotFoundException'{0x0000000709f6be88}> (0x0000000709f6be88) 
thrown [s\src\hotspot\share\prims\jni.cpp, line 520]
Event: 4157.262 Thread 0x000002565e565950 Exception <a 'java/lang/InterruptedException'{0x000000070a15f598}: sleep interrupted> (0x000000070a15f598) 
thrown [s\src\hotspot\share\prims\jvm.cpp, line 3074]
Event: 4157.360 Thread 0x000002565b343f10 Exception <a 'sun/nio/fs/WindowsException'{0x0000000712edea70}> (0x0000000712edea70) 
thrown [s\src\hotspot\share\prims\jni.cpp, line 520]
Event: 4157.733 Thread 0x000002565b343f10 Exception <a 'java/lang/NoClassDefFoundError'{0x0000000709523b90}: org/flywaydb/core/Flyway> (0x0000000709523b90) 
thrown [s\src\hotspot\share\oops\constantPool.cpp, line 873]
Event: 4157.733 Thread 0x000002565b343f10 Exception <a 'java/lang/NoClassDefFoundError'{0x00000007095241f0}: liquibase/integration/spring/SpringLiquibase> (0x00000007095241f0) 
thrown [s\src\hotspot\share\oops\constantPool.cpp, line 873]
Event: 4157.736 Thread 0x000002565b343f10 Exception <a 'java/lang/NoClassDefFoundError'{0x0000000709555cf0}: org/jooq/DSLContext> (0x0000000709555cf0) 
thrown [s\src\hotspot\share\oops\constantPool.cpp, line 873]
Event: 4157.739 Thread 0x000002565b343f10 Exception <a 'java/lang/NoClassDefFoundError'{0x00000007095bcc50}: org/springframework/batch/core/repository/JobRepository> (0x00000007095bcc50) 
thrown [s\src\hotspot\share\oops\constantPool.cpp, line 873]
Event: 4157.739 Thread 0x000002565b343f10 Exception <a 'java/lang/NoClassDefFoundError'{0x00000007095bd2a8}: org/quartz/Scheduler> (0x00000007095bd2a8) 
thrown [s\src\hotspot\share\oops\constantPool.cpp, line 873]
Event: 4157.739 Thread 0x000002565b343f10 Exception <a 'java/lang/NoClassDefFoundError'{0x00000007095bd928}: org/springframework/session/jdbc/JdbcIndexedSessionRepository> (0x00000007095bd928) 
thrown [s\src\hotspot\share\oops\constantPool.cpp, line 873]
Event: 4157.848 Thread 0x000002565b343f10 Exception <a 'java/io/FileNotFoundException'{0x0000000708224ec8}> (0x0000000708224ec8) 
thrown [s\src\hotspot\share\prims\jni.cpp, line 520]
Event: 4158.622 Thread 0x000002565b343f10 Exception <a 'java/io/FileNotFoundException'{0x0000000709e159a8}> (0x0000000709e159a8) 
thrown [s\src\hotspot\share\prims\jni.cpp, line 520]
Event: 4190.622 Thread 0x000002565b349af0 Exception <a 'java/lang/InterruptedException'{0x000000070a7e1f10}: sleep interrupted> (0x000000070a7e1f10) 
thrown [s\src\hotspot\share\prims\jvm.cpp, line 3074]

ZGC Phase Switch (0 events):
No events

VM Operations (20 events):
Event: 4127.760 Executing VM operation: Cleanup done
Event: 4157.263 Executing VM operation: G1CollectFull (System.gc())
Event: 4157.351 Executing VM operation: G1CollectFull (System.gc()) done
Event: 4158.246 Executing VM operation: G1CollectForAllocation (G1 Evacuation Pause)
Event: 4158.250 Executing VM operation: G1CollectForAllocation (G1 Evacuation Pause) done
Event: 4158.336 Executing VM operation: G1PauseRemark
Event: 4158.358 Executing VM operation: G1PauseRemark done
Event: 4158.389 Executing VM operation: G1PauseCleanup
Event: 4158.389 Executing VM operation: G1PauseCleanup done
Event: 4158.879 Executing VM operation: G1CollectForAllocation (G1 Evacuation Pause)
Event: 4158.885 Executing VM operation: G1CollectForAllocation (G1 Evacuation Pause) done
Event: 4159.889 Executing VM operation: Cleanup
Event: 4159.889 Executing VM operation: Cleanup done
Event: 4160.895 Executing VM operation: Cleanup
Event: 4160.895 Executing VM operation: Cleanup done
Event: 4179.718 Executing VM operation: HandshakeAllThreads (HandshakeForDeflation)
Event: 4179.719 Executing VM operation: HandshakeAllThreads (HandshakeForDeflation) done
Event: 4179.719 Executing VM operation: RendezvousGCThreads
Event: 4179.719 Executing VM operation: RendezvousGCThreads done
Event: 4190.622 Executing VM operation: G1CollectFull (System.gc())

Memory protections (0 events):
No events

Nmethod flushes (20 events):
Event: 4158.355 Thread 0x00000256535fbc10 flushing  nmethod 0x000002564cd3f110
Event: 4158.355 Thread 0x00000256535fbc10 flushing  nmethod 0x000002564cd3f990
Event: 4158.355 Thread 0x00000256535fbc10 flushing  nmethod 0x000002564cd40110
Event: 4158.355 Thread 0x00000256535fbc10 flushing  nmethod 0x000002564cd40810
Event: 4158.355 Thread 0x00000256535fbc10 flushing  nmethod 0x000002564cd41290
Event: 4158.355 Thread 0x00000256535fbc10 flushing  nmethod 0x000002564cd41a10
Event: 4158.355 Thread 0x00000256535fbc10 flushing  nmethod 0x000002564cd42010
Event: 4158.355 Thread 0x00000256535fbc10 flushing  nmethod 0x000002564cd42a90
Event: 4158.355 Thread 0x00000256535fbc10 flushing  nmethod 0x000002564cd42d90
Event: 4158.355 Thread 0x00000256535fbc10 flushing  nmethod 0x000002564cd43110
Event: 4158.355 Thread 0x00000256535fbc10 flushing  nmethod 0x000002564cd43790
Event: 4158.355 Thread 0x00000256535fbc10 flushing  nmethod 0x000002564cd43a90
Event: 4158.355 Thread 0x00000256535fbc10 flushing  nmethod 0x000002564cdf7990
Event: 4158.355 Thread 0x00000256535fbc10 flushing  nmethod 0x000002564cdf8610
Event: 4158.355 Thread 0x00000256535fbc10 flushing  nmethod 0x000002564cdf8e90
Event: 4158.355 Thread 0x00000256535fbc10 flushing  nmethod 0x000002564cdfcd90
Event: 4158.355 Thread 0x00000256535fbc10 flushing  nmethod 0x000002564cdfd810
Event: 4158.355 Thread 0x00000256535fbc10 flushing  nmethod 0x000002564cdfdb90
Event: 4158.355 Thread 0x00000256535fbc10 flushing  nmethod 0x000002564cdfdf90
Event: 4158.355 Thread 0x00000256535fbc10 flushing  nmethod 0x000002564cdfec90

Events (20 events):
Event: 4165.288 Thread 0x000002565e820650 Thread exited: 0x000002565e820650
Event: 4170.292 Thread 0x000002565ec21720 Thread exited: 0x000002565ec21720
Event: 4190.614 Thread 0x000002565e565950 Thread exited: 0x000002565e565950
Event: 4190.614 Thread 0x000002565e5680b0 Thread exited: 0x000002565e5680b0
Event: 4190.614 Thread 0x000002565e566670 Thread exited: 0x000002565e566670
Event: 4190.614 Thread 0x000002565e565fe0 Thread exited: 0x000002565e565fe0
Event: 4190.614 Thread 0x000002565e568dd0 Thread exited: 0x000002565e568dd0
Event: 4190.614 Thread 0x000002565b34a810 Thread exited: 0x000002565b34a810
Event: 4190.614 Thread 0x000002565e567a20 Thread exited: 0x000002565e567a20
Event: 4190.614 Thread 0x000002565b3480b0 Thread exited: 0x000002565b3480b0
Event: 4190.615 Thread 0x000002565b34a180 Thread exited: 0x000002565b34a180
Event: 4190.615 Thread 0x000002565e567390 Thread exited: 0x000002565e567390
Event: 4190.615 Thread 0x000002565b349460 Thread exited: 0x000002565b349460
Event: 4190.616 Thread 0x000002565e566d00 Thread exited: 0x000002565e566d00
Event: 4190.618 Thread 0x000002565e56a810 Thread added: 0x000002565e567a20
Event: 4190.618 Thread 0x000002565b347a20 Thread exited: 0x000002565b347a20
Event: 4190.619 Thread 0x000002565e567a20 Thread exited: 0x000002565e567a20
Event: 4190.622 Thread 0x000002565b349af0 Thread exited: 0x000002565b349af0
Event: 4190.622 Thread 0x000002565b345950 Thread exited: 0x000002565b345950
Event: 4190.622 Thread 0x000002565b345fe0 Thread exited: 0x000002565b345fe0


Dynamic libraries:
0x00007ff7906d0000 - 0x00007ff7906de000 	D:\project\dev_boot_project\sts-4.32.0.RELEASE\plugins\org.eclipse.justj.openjdk.hotspot.jre.full.win32.x86_64_21.0.8.v20250724-1412\jre\bin\javaw.exe
0x00007ffb15860000 - 0x00007ffb15ac8000 	C:\WINDOWS\SYSTEM32\ntdll.dll
0x00007ffb15460000 - 0x00007ffb15529000 	C:\WINDOWS\System32\KERNEL32.DLL
0x00007ffb12c80000 - 0x00007ffb13072000 	C:\WINDOWS\System32\KERNELBASE.dll
0x00007ffb13080000 - 0x00007ffb131cb000 	C:\WINDOWS\System32\ucrtbase.dll
0x00007ffafb250000 - 0x00007ffafb26e000 	D:\project\dev_boot_project\sts-4.32.0.RELEASE\plugins\org.eclipse.justj.openjdk.hotspot.jre.full.win32.x86_64_21.0.8.v20250724-1412\jre\bin\VCRUNTIME140.dll
0x00007ffafd6d0000 - 0x00007ffafd6e8000 	D:\project\dev_boot_project\sts-4.32.0.RELEASE\plugins\org.eclipse.justj.openjdk.hotspot.jre.full.win32.x86_64_21.0.8.v20250724-1412\jre\bin\jli.dll
0x00007ffb15270000 - 0x00007ffb15435000 	C:\WINDOWS\System32\USER32.dll
0x00007ffb12a80000 - 0x00007ffb12aa7000 	C:\WINDOWS\System32\win32u.dll
0x00007ffb14890000 - 0x00007ffb148bb000 	C:\WINDOWS\System32\GDI32.dll
0x00007ffb010e0000 - 0x00007ffb01373000 	C:\WINDOWS\WinSxS\amd64_microsoft.windows.common-controls_6595b64144ccf1df_6.0.26100.6899_none_3e0efeeae32e88c1\COMCTL32.dll
0x00007ffb13ac0000 - 0x00007ffb13b69000 	C:\WINDOWS\System32\msvcrt.dll
0x00007ffb12ab0000 - 0x00007ffb12bdd000 	C:\WINDOWS\System32\gdi32full.dll
0x00007ffb13340000 - 0x00007ffb133e3000 	C:\WINDOWS\System32\msvcp_win.dll
0x00007ffb143b0000 - 0x00007ffb143df000 	C:\WINDOWS\System32\IMM32.DLL
0x00007ffb02160000 - 0x00007ffb0216c000 	D:\project\dev_boot_project\sts-4.32.0.RELEASE\plugins\org.eclipse.justj.openjdk.hotspot.jre.full.win32.x86_64_21.0.8.v20250724-1412\jre\bin\vcruntime140_1.dll
0x00007ffaf8130000 - 0x00007ffaf81bd000 	D:\project\dev_boot_project\sts-4.32.0.RELEASE\plugins\org.eclipse.justj.openjdk.hotspot.jre.full.win32.x86_64_21.0.8.v20250724-1412\jre\bin\msvcp140.dll
0x00007ffad84b0000 - 0x00007ffad9247000 	D:\project\dev_boot_project\sts-4.32.0.RELEASE\plugins\org.eclipse.justj.openjdk.hotspot.jre.full.win32.x86_64_21.0.8.v20250724-1412\jre\bin\server\jvm.dll
0x00007ffb14040000 - 0x00007ffb140f4000 	C:\WINDOWS\System32\ADVAPI32.dll
0x00007ffb139e0000 - 0x00007ffb13a86000 	C:\WINDOWS\System32\sechost.dll
0x00007ffb148c0000 - 0x00007ffb149d8000 	C:\WINDOWS\System32\RPCRT4.dll
0x00007ffb14250000 - 0x00007ffb142c4000 	C:\WINDOWS\System32\WS2_32.dll
0x00007ffb12850000 - 0x00007ffb128ae000 	C:\WINDOWS\SYSTEM32\POWRPROF.dll
0x00007ffb0ab00000 - 0x00007ffb0ab0b000 	C:\WINDOWS\SYSTEM32\VERSION.dll
0x00007ffb01460000 - 0x00007ffb01495000 	C:\WINDOWS\SYSTEM32\WINMM.dll
0x00007ffb12830000 - 0x00007ffb12844000 	C:\WINDOWS\SYSTEM32\UMPDC.dll
0x00007ffb117c0000 - 0x00007ffb117db000 	C:\WINDOWS\SYSTEM32\kernel.appcore.dll
0x00007ffb0d640000 - 0x00007ffb0d64a000 	D:\project\dev_boot_project\sts-4.32.0.RELEASE\plugins\org.eclipse.justj.openjdk.hotspot.jre.full.win32.x86_64_21.0.8.v20250724-1412\jre\bin\jimage.dll
0x00007ffb101b0000 - 0x00007ffb103f2000 	C:\WINDOWS\SYSTEM32\DBGHELP.DLL
0x00007ffb13630000 - 0x00007ffb139ab000 	C:\WINDOWS\System32\combase.dll
0x00007ffb142d0000 - 0x00007ffb143a7000 	C:\WINDOWS\System32\OLEAUT32.dll
0x00007ffb10170000 - 0x00007ffb101ac000 	C:\WINDOWS\SYSTEM32\dbgcore.DLL
0x00007ffb12be0000 - 0x00007ffb12c78000 	C:\WINDOWS\System32\bcryptPrimitives.dll
0x00007ffb0b7f0000 - 0x00007ffb0b80f000 	D:\project\dev_boot_project\sts-4.32.0.RELEASE\plugins\org.eclipse.justj.openjdk.hotspot.jre.full.win32.x86_64_21.0.8.v20250724-1412\jre\bin\java.dll
0x00007ffb14b20000 - 0x00007ffb1526d000 	C:\WINDOWS\System32\SHELL32.dll
0x00007ffb131d0000 - 0x00007ffb1333b000 	C:\WINDOWS\System32\wintypes.dll
0x00007ffb10680000 - 0x00007ffb10edd000 	C:\WINDOWS\SYSTEM32\windows.storage.dll
0x00007ffb13f40000 - 0x00007ffb14032000 	C:\WINDOWS\System32\SHCORE.dll
0x00007ffb13b70000 - 0x00007ffb13bd2000 	C:\WINDOWS\System32\shlwapi.dll
0x00007ffb12910000 - 0x00007ffb12939000 	C:\WINDOWS\SYSTEM32\profapi.dll
0x00007ffb021b0000 - 0x00007ffb021c8000 	D:\project\dev_boot_project\sts-4.32.0.RELEASE\plugins\org.eclipse.justj.openjdk.hotspot.jre.full.win32.x86_64_21.0.8.v20250724-1412\jre\bin\zip.dll
0x00007ffb0d140000 - 0x00007ffb0d150000 	D:\project\dev_boot_project\sts-4.32.0.RELEASE\plugins\org.eclipse.justj.openjdk.hotspot.jre.full.win32.x86_64_21.0.8.v20250724-1412\jre\bin\net.dll
0x00007ffb0fd70000 - 0x00007ffb0fe8f000 	C:\WINDOWS\SYSTEM32\WINHTTP.dll
0x00007ffb11d30000 - 0x00007ffb11d9b000 	C:\WINDOWS\system32\mswsock.dll
0x00007ffb01eb0000 - 0x00007ffb01ec6000 	D:\project\dev_boot_project\sts-4.32.0.RELEASE\plugins\org.eclipse.justj.openjdk.hotspot.jre.full.win32.x86_64_21.0.8.v20250724-1412\jre\bin\nio.dll
0x00007ffb0cad0000 - 0x00007ffb0cada000 	D:\project\dev_boot_project\sts-4.32.0.RELEASE\plugins\org.eclipse.justj.openjdk.hotspot.jre.full.win32.x86_64_21.0.8.v20250724-1412\jre\bin\management.dll
0x00007ffb0cac0000 - 0x00007ffb0cacb000 	D:\project\dev_boot_project\sts-4.32.0.RELEASE\plugins\org.eclipse.justj.openjdk.hotspot.jre.full.win32.x86_64_21.0.8.v20250724-1412\jre\bin\management_ext.dll
0x00007ffb13aa0000 - 0x00007ffb13aa8000 	C:\WINDOWS\System32\PSAPI.DLL
0x00007ffafdc10000 - 0x00007ffafdc28000 	C:\WINDOWS\system32\napinsp.dll
0x00007ffb11270000 - 0x00007ffb11396000 	C:\WINDOWS\SYSTEM32\DNSAPI.dll
0x00007ffb111e0000 - 0x00007ffb11214000 	C:\WINDOWS\SYSTEM32\IPHLPAPI.DLL
0x00007ffb13a90000 - 0x00007ffb13a9a000 	C:\WINDOWS\System32\NSI.dll
0x00007ffafded0000 - 0x00007ffafdee2000 	C:\WINDOWS\System32\winrnr.dll
0x00007ffafdbc0000 - 0x00007ffafdbe8000 	C:\WINDOWS\system32\nlansp_c.dll
0x00007ffb0aa40000 - 0x00007ffb0aa56000 	C:\WINDOWS\system32\wshbth.dll
0x00007ffb0a230000 - 0x00007ffb0a23b000 	C:\Windows\System32\rasadhlp.dll
0x00007ffb05010000 - 0x00007ffb05096000 	C:\WINDOWS\System32\fwpuclnt.dll
0x00007ffb11ff0000 - 0x00007ffb1200b000 	C:\WINDOWS\SYSTEM32\CRYPTSP.dll
0x00007ffb11720000 - 0x00007ffb1175b000 	C:\WINDOWS\system32\rsaenh.dll
0x00007ffb11dd0000 - 0x00007ffb11dfb000 	C:\WINDOWS\SYSTEM32\USERENV.dll
0x00007ffb128e0000 - 0x00007ffb12906000 	C:\WINDOWS\SYSTEM32\bcrypt.dll
0x00007ffb11fe0000 - 0x00007ffb11fec000 	C:\WINDOWS\SYSTEM32\CRYPTBASE.dll
0x00007ffb021a0000 - 0x00007ffb021a9000 	D:\project\dev_boot_project\sts-4.32.0.RELEASE\plugins\org.eclipse.justj.openjdk.hotspot.jre.full.win32.x86_64_21.0.8.v20250724-1412\jre\bin\extnet.dll
0x00007ffb04620000 - 0x00007ffb0462e000 	D:\project\dev_boot_project\sts-4.32.0.RELEASE\plugins\org.eclipse.justj.openjdk.hotspot.jre.full.win32.x86_64_21.0.8.v20250724-1412\jre\bin\sunmscapi.dll
0x00007ffb134b0000 - 0x00007ffb13627000 	C:\WINDOWS\System32\CRYPT32.dll
0x00007ffb12200000 - 0x00007ffb12230000 	C:\WINDOWS\SYSTEM32\ncrypt.dll
0x00007ffb121b0000 - 0x00007ffb121ef000 	C:\WINDOWS\SYSTEM32\NTASN1.dll
0x00007ffb0c010000 - 0x00007ffb0c020000 	D:\project\dev_boot_project\sts-4.32.0.RELEASE\plugins\org.eclipse.justj.openjdk.hotspot.jre.full.win32.x86_64_21.0.8.v20250724-1412\jre\bin\verify.dll
0x00007ffb0cab0000 - 0x00007ffb0cab8000 	C:\WINDOWS\system32\wshunix.dll

JVMTI agents: none

dbghelp: loaded successfully - version: 4.0.5 - missing functions: none
symbol engine: initialized successfully - sym options: 0x614 - pdb path: .;D:\project\dev_boot_project\sts-4.32.0.RELEASE\plugins\org.eclipse.justj.openjdk.hotspot.jre.full.win32.x86_64_21.0.8.v20250724-1412\jre\bin;C:\WINDOWS\SYSTEM32;C:\WINDOWS\WinSxS\amd64_microsoft.windows.common-controls_6595b64144ccf1df_6.0.26100.6899_none_3e0efeeae32e88c1;D:\project\dev_boot_project\sts-4.32.0.RELEASE\plugins\org.eclipse.justj.openjdk.hotspot.jre.full.win32.x86_64_21.0.8.v20250724-1412\jre\bin\server

VM Arguments:
jvm_args: -Dcom.sun.management.jmxremote -Dcom.sun.management.jmxremote.port=49391 -Dcom.sun.management.jmxremote.authenticate=false -Dcom.sun.management.jmxremote.ssl=false -Djava.rmi.server.hostname=localhost -Dspring.jmx.enabled=true -Dmanagement.endpoints.jmx.exposure.include=* -Dspring.application.admin.enabled=true -Dspring.profiles.active=local -Dspring.output.ansi.enabled=always -XX:TieredStopAtLevel=1 -Dspring.boot.project.name=MyBaseLinkV2 -Dfile.encoding=UTF-8 -Dstdout.encoding=UTF-8 -Dstderr.encoding=UTF-8 -XX:+ShowCodeDetailsInExceptionMessages 
java_command: com.mybaselinkV2.app.MyBaseLinkV2Application
java_class_path (initial): D:\project\dev_boot_project\workspace\MyBaseLinkV2\target\classes;C:\Users\dragon\.m2\repository\org\springframework\boot\spring-boot-starter-web\3.5.6\spring-boot-starter-web-3.5.6.jar;C:\Users\dragon\.m2\repository\org\springframework\boot\spring-boot-starter\3.5.6\spring-boot-starter-3.5.6.jar;C:\Users\dragon\.m2\repository\org\springframework\boot\spring-boot-starter-logging\3.5.6\spring-boot-starter-logging-3.5.6.jar;C:\Users\dragon\.m2\repository\ch\qos\logback\logback-classic\1.5.18\logback-classic-1.5.18.jar;C:\Users\dragon\.m2\repository\ch\qos\logback\logback-core\1.5.18\logback-core-1.5.18.jar;C:\Users\dragon\.m2\repository\org\apache\logging\log4j\log4j-to-slf4j\2.24.3\log4j-to-slf4j-2.24.3.jar;C:\Users\dragon\.m2\repository\org\slf4j\jul-to-slf4j\2.0.17\jul-to-slf4j-2.0.17.jar;C:\Users\dragon\.m2\repository\jakarta\annotation\jakarta.annotation-api\2.1.1\jakarta.annotation-api-2.1.1.jar;C:\Users\dragon\.m2\repository\org\yaml\snakeyaml\2.4\snakeyaml-2.4.jar;C:\Users\dragon\.m2\repository\org\springframework\boot\spring-boot-starter-json\3.5.6\spring-boot-starter-json-3.5.6.jar;C:\Users\dragon\.m2\repository\com\fasterxml\jackson\datatype\jackson-datatype-jsr310\2.19.2\jackson-datatype-jsr310-2.19.2.jar;C:\Users\dragon\.m2\repository\com\fasterxml\jackson\module\jackson-module-parameter-names\2.19.2\jackson-module-parameter-names-2.19.2.jar;C:\Users\dragon\.m2\repository\org\springframework\boot\spring-boot-starter-tomcat\3.5.6\spring-boot-starter-tomcat-3.5.6.jar;C:\Users\dragon\.m2\repository\org\apache\tomcat\embed\tomcat-embed-core\10.1.46\tomcat-embed-core-10.1.46.jar;C:\Users\dragon\.m2\repository\org\apache\tomcat\embed\tomcat-embed-websocket\10.1.46\tomcat-embed-websocket-10.1.46.jar;C:\Users\dragon\.m2\repository\org\springframework\spring-web\6.2.11\spring-web-6.2.11.jar;C:\Users\dragon\.m2\repository\org\springframework\spring-beans\6.2.11\spring-beans-6.2.11.jar;C:\Users\dragon\.m2\repository\io\micrometer\micrometer-observation\1.15.4\micrometer-observation-1.15.4.jar;C:\Users\dragon\.m2\repository\io\micrometer\micrometer-commons\1.15.4\micrometer-commons-1.15.4.jar;C:\Users\dragon\.m2\repository\org\springframework\spring-webmvc\6.2.11\spring-webmvc-6.2.11.jar;C:\Users\dragon\.m2\repository\org\springframework\spring-context\6.2.11\spring-context-6.2.11.jar;C:\Users\dragon\.m2\repository\org\springframework\spring-expression\6.2.11\spring-expression-6.2.11.jar;C:\Users\dragon\.m2\repository\org\springframework\boot\spring-boot-starter-security\3.5.6\spring-boot-starter-security-3.5.6.jar;C:\Users\dragon\.m2\repository\org\springframework\spring-aop\6.2.11\spring-aop-6.2.11.jar;C:\Users\dragon\.m2\repository\org\springframework\security\spring-security-config\6.5.5\spring-security-config-6.5.5.jar;C:\Users\dragon\.m2\repository\org\springframework\security\spring-security-core\6.5.5\spring-security-core-6.5.5.jar;C:\Users\dragon\.m2\repository\org\springframework\security\spring-security-crypto\6.5.5\spring-security-crypto-6.5.5.jar;C:\Users\dragon\.m2\repository\org\springframework\security\spring-security-web\6.5.5\spring-security-web-6.5.5.jar;C:\Users\dragon\.m2\repository\io\jsonwebtoken\jjwt-api\0.11.5\jjwt-api-0.11.5.jar;C:\Users\dragon\.m2\repository\io\jsonwebtoken\jjwt-impl\0.11.5\jjwt-impl-0.11.5.jar;C:\Users\dragon\.m2\repository\io\jsonwebtoken\jjwt-jackson\0.11.5\jjwt-jackson-0.11.5.jar;C:\Users\dragon\.m2\repository\com\fasterxml\jackson\core\jackson-databind\2.19.2\jackson-databind-2.19.2.jar;C:\Users\dragon\.m2\repository\com\fasterxml\jackson\core\jackson-annotations\2.19.2\jackson-annotations-2.19.2.jar;C:\Users\dragon\.m2\repository\com\fasterxml\jackson\core\jackson-core\2.19.2\jackson-core-2.19.2.jar;C:\Users\dragon\.m2\repository\org\springframework\boot\spring-boot-starter-thymeleaf\3.5.6\spring-boot-starter-thymeleaf-3.5.6.jar;C:\Users\dragon\.m2\repository\org\thymeleaf\thymeleaf-spring6\3.1.3.RELEASE\thymeleaf-spring6-3.1.3.RELEASE.jar;C:\Users\dragon\.m2\repository\nz\net\ultraq\thymeleaf\thymeleaf-layout-dialect\3.4.0\thymeleaf-layout-dialect-3.4.0.jar;C:\Users\dragon\.m2\repository\org\apache\groovy\groovy\4.0.28\groovy-4.0.28.jar;C:\Users\dragon\.m2\repository\nz\net\ultraq\groovy\groovy-extensions\2.3.3\groovy-extensions-2.3.3.jar;C:\Users\dragon\.m2\repository\nz\net\ultraq\thymeleaf\thymeleaf-expression-processor\3.2.0\thymeleaf-expression-processor-3.2.0.jar;C:\Users\dragon\.m2\repository\org\thymeleaf\thymeleaf\3.1.3.RELEASE\thymeleaf-3.1.3.RELEASE.jar;C:\Users\dragon\.m2\repository\ognl\ognl\3.3.4\ognl-3.3.4.jar;C:\Users\dragon\.m2\repository\org\javassist\javassist\3.29.0-GA\javassist-3.29.0-GA.jar;C:\Users\dragon\.m2\repository\org\attoparser\attoparser\2.0.7.RELEASE\attoparser-2.0.7.RELEASE.jar;C:\Users\dragon\.m2\repository\org\unbescape\unbescape\1.1.6.RELEASE\unbescape-1.1.6.RELEASE.jar;C:\Users\dragon\.m2\repository\org\slf4j\slf4j-api\2.0.17\slf4j-api-2.0.17.jar;C:\Users\dragon\.m2\repository\org\springframework\boot\spring-boot-starter-data-jpa\3.5.6\spring-boot-starter-data-jpa-3.5.6.jar;C:\Users\dragon\.m2\repository\org\springframework\boot\spring-boot-starter-jdbc\3.5.6\spring-boot-starter-jdbc-3.5.6.jar;C:\Users\dragon\.m2\repository\com\zaxxer\HikariCP\6.3.3\HikariCP-6.3.3.jar;C:\Users\dragon\.m2\repository\org\springframework\spring-jdbc\6.2.11\spring-jdbc-6.2.11.jar;C:\Users\dragon\.m2\repository\org\hibernate\orm\hibernate-core\6.6.29.Final\hibernate-core-6.6.29.Final.jar;C:\Users\dragon\.m2\repository\jakarta\persistence\jakarta.persistence-api\3.1.0\jakarta.persistence-api-3.1.0.jar;C:\Users\dragon\.m2\repository\jakarta\transaction\jakarta.transaction-api\2.0.1\jakarta.transaction-api-2.0.1.jar;C:\Users\dragon\.m2\repository\org\jboss\logging\jboss-logging\3.6.1.Final\jboss-logging-3.6.1.Final.jar;C:\Users\dragon\.m2\repository\org\hibernate\common\hibernate-commons-annotations\7.0.3.Final\hibernate-commons-annotations-7.0.3.Final.jar;C:\Users\dragon\.m2\repository\io\smallrye\jandex\3.2.0\jandex-3.2.0.jar;C:\Users\dragon\.m2\repository\com\fasterxml\classmate\1.7.0\classmate-1.7.0.jar;C:\Users\dragon\.m2\repository\net\bytebuddy\byte-buddy\1.17.7\byte-buddy-1.17.7.jar;C:\Users\dragon\.m2\repository\org\glassfish\jaxb\jaxb-runtime\4.0.5\jaxb-runtime-4.0.5.jar;C:\Users\dragon\.m2\repository\org\glassfish\jaxb\jaxb-core\4.0.5\jaxb-core-4.0.5.jar;C:\Users\dragon\.m2\repository\org\eclipse\angus\angus-activation\2.0.2\angus-activation-2.0.2.jar;C:\Users\dragon\.m2\repository\org\glassfish\jaxb\txw2\4.0.5\txw2-4.0.5.jar;C:\Users\dragon\.m2\repository\com\sun\istack\istack-commons-runtime\4.1.2\istack-commons-runtime-4.1.2.jar;C:\Users\dragon\.m2\repository\jakarta\inject\jakarta.inject-api\2.0.1\jakarta.inject-api-2.0.1.jar;C:\Users\dragon\.m2\repository\org\antlr\antlr4-runtime\4.13.0\antlr4-runtime-4.13.0.jar;C:\Users\dragon\.m2\repository\org\springframework\data\spring-data-jpa\3.5.4\spring-data-jpa-3.5.4.jar;C:\Users\dragon\.m2\repository\org\springframework\data\spring-data-commons\3.5.4\spring-data-commons-3.5.4.jar;C:\Users\dragon\.m2\repository\org\springframework\spring-orm\6.2.11\spring-orm-6.2.11.jar;C:\Users\dragon\.m2\repository\org\springframework\spring-tx\6.2.11\spring-tx-6.2.11.jar;C:\Users\dragon\.m2\repository\org\springframework\spring-aspects\6.2.11\spring-aspects-6.2.11.jar;C:\Users\dragon\.m2\repository\org\aspectj\aspectjweaver\1.9.24\aspectjweaver-1.9.24.jar;C:\Users\dragon\.m2\repository\org\postgresql\postgresql\42.7.3\postgresql-42.7.3.jar;C:\Users\dragon\.m2\repository\org\checkerframework\checker-qual\3.42.0\checker-qual-3.42.0.jar;C:\Users\dragon\.m2\repository\org\springframework\boot\spring-boot-starter-validation\3.5.6\spring-boot-starter-validation-3.5.6.jar;C:\Users\dragon\.m2\repository\org\apache\tomcat\embed\tomcat-embed-el\10.1.46\tomcat-embed-el-10.1.46.jar;C:\Users\dragon\.m2\repository\org\hibernate\validator\hibernate-validator\8.0.3.Final\hibernate-validator-8.0.3.Final.jar;C:\Users\dragon\.m2\repository\jakarta\validation\jakarta.validation-api\3.0.2\jakarta.validation-api-3.0.2.jar;C:\Users\dragon\.m2\repository\org\apache\poi\poi-ooxml\5.3.0\poi-ooxml-5.3.0.jar;C:\Users\dragon\.m2\repository\org\apache\poi\poi\5.3.0\poi-5.3.0.jar;C:\Users\dragon\.m2\repository\com\zaxxer\SparseBitSet\1.3\SparseBitSet-1.3.jar;C:\Users\dragon\.m2\repository\org\apache\poi\poi-ooxml-lite\5.3.0\poi-ooxml-lite-5.3.0.jar;C:\Users\dragon\.m2\repository\org\apache\xmlbeans\xmlbeans\5.2.1\xmlbeans-5.2.1.jar;C:\Users\dragon\.m2\repository\org\apache\commons\commons-compress\1.26.2\commons-compress-1.26.2.jar;C:\Users\dragon\.m2\repository\commons-io\commons-io\2.16.1\commons-io-2.16.1.jar;C:\Users\dragon\.m2\repository\com\github\virtuald\curvesapi\1.08\curvesapi-1.08.jar;C:\Users\dragon\.m2\repository\org\apache\logging\log4j\log4j-api\2.24.3\log4j-api-2.24.3.jar;C:\Users\dragon\.m2\repository\org\apache\commons\commons-collections4\4.4\commons-collections4-4.4.jar;C:\Users\dragon\.m2\repository\org\json\json\20231013\json-20231013.jar;C:\Users\dragon\.m2\repository\org\springframework\boot\spring-boot-starter-cache\3.5.6\spring-boot-starter-cache-3.5.6.jar;C:\Users\dragon\.m2\repository\org\springframework\spring-context-support\6.2.11\spring-context-support-6.2.11.jar;C:\Users\dragon\.m2\repository\com\github\ben-manes\caffeine\caffeine\3.2.2\caffeine-3.2.2.jar;C:\Users\dragon\.m2\repository\org\jspecify\jspecify\1.0.0\jspecify-1.0.0.jar;C:\Users\dragon\.m2\repository\com\google\errorprone\error_prone_annotations\2.40.0\error_prone_annotations-2.40.0.jar;C:\Users\dragon\.m2\repository\org\apache\parquet\parquet-avro\1.14.1\parquet-avro-1.14.1.jar;C:\Users\dragon\.m2\repository\org\apache\parquet\parquet-column\1.14.1\parquet-column-1.14.1.jar;C:\Users\dragon\.m2\repository\org\apache\parquet\parquet-encoding\1.14.1\parquet-encoding-1.14.1.jar;C:\Users\dragon\.m2\repository\org\apache\parquet\parquet-common\1.14.1\parquet-common-1.14.1.jar;C:\Users\dragon\.m2\repository\org\apache\avro\avro\1.11.3\avro-1.11.3.jar;C:\Users\dragon\.m2\repository\org\apache\parquet\parquet-hadoop\1.14.1\parquet-hadoop-1.14.1.jar;C:\Users\dragon\.m2\repository\org\apache\parquet\parquet-format-structures\1.14.1\parquet-format-structures-1.14.1.jar;C:\Users\dragon\.m2\repository\javax\annotation\javax.annotation-api\1.3.2\javax.annotation-api-1.3.2.jar;C:\Users\dragon\.m2\repository\org\apache\parquet\parquet-jackson\1.14.1\parquet-jackson-1.14.1.jar;C:\Users\dragon\.m2\repository\com\fasterxml\jackson\datatype\jackson-datatype-jdk8\2.19.2\jackson-datatype-jdk8-2.19.2.jar;C:\Users\dragon\.m2\repository\org\xerial\snappy\snappy-java\1.1.10.5\snappy-java-1.1.10.5.jar;C:\Users\dragon\.m2\repository\io\airlift\aircompressor\0.27\aircompressor-0.27.jar;C:\Users\dragon\.m2\repository\commons-pool\commons-pool\1.6\commons-pool-1.6.jar;C:\Users\dragon\.m2\repository\com\github\luben\zstd-jni\1.5.6-2\zstd-jni-1.5.6-2.jar;C:\Users\dragon\.m2\repository\org\apache\hadoop\hadoop-common\3.4.1\hadoop-common-3.4.1.jar;C:\Users\dragon\.m2\repository\org\apache\hadoop\thirdparty\hadoop-shaded-protobuf_3_25\1.3.0\hadoop-shaded-protobuf_3_25-1.3.0.jar;C:\Users\dragon\.m2\repository\org\apache\hadoop\hadoop-annotations\3.4.1\hadoop-annotations-3.4.1.jar;C:\Users\dragon\.m2\repository\org\apache\hadoop\thirdparty\hadoop-shaded-guava\1.3.0\hadoop-shaded-guava-1.3.0.jar;C:\Users\dragon\.m2\repository\com\google\guava\guava\27.0-jre\guava-27.0-jre.jar;C:\Users\dragon\.m2\repository\com\google\guava\failureaccess\1.0\failureaccess-1.0.jar;C:\Users\dragon\.m2\repository\com\google\guava\listenablefuture\9999.0-empty-to-avoid-conflict-with-guava\listenablefuture-9999.0-empty-to-avoid-conflict-with-guava.jar;C:\Users\dragon\.m2\repository\com\google\j2objc\j2objc-annotations\1.1\j2objc-annotations-1.1.jar;C:\Users\dragon\.m2\repository\org\codehaus\mojo\animal-sniffer-annotations\1.17\animal-sniffer-annotations-1.17.jar;C:\Users\dragon\.m2\repository\commons-cli\commons-cli\1.5.0\commons-cli-1.5.0.jar;C:\Users\dragon\.m2\repository\org\apache\commons\commons-math3\3.6.1\commons-math3-3.6.1.jar;C:\Users\dragon\.m2\repository\org\apache\httpcomponents\httpclient\4.5.13\httpclient-4.5.13.jar;C:\Users\dragon\.m2\repository\org\apache\httpcomponents\httpcore\4.4.16\httpcore-4.4.16.jar;C:\Users\dragon\.m2\repository\commons-codec\commons-codec\1.18.0\commons-codec-1.18.0.jar;C:\Users\dragon\.m2\repository\commons-net\commons-net\3.9.0\commons-net-3.9.0.jar;C:\Users\dragon\.m2\repository\commons-collections\commons-collections\3.2.2\commons-collections-3.2.2.jar;C:\Users\dragon\.m2\repository\javax\servlet\javax.servlet-api\3.1.0\javax.servlet-api-3.1.0.jar;C:\Users\dragon\.m2\repository\jakarta\activation\jakarta.activation-api\2.1.4\jakarta.activation-api-2.1.4.jar;C:\Users\dragon\.m2\repository\org\eclipse\jetty\jetty-server\12.0.27\jetty-server-12.0.27.jar;C:\Users\dragon\.m2\repository\org\eclipse\jetty\jetty-http\12.0.27\jetty-http-12.0.27.jar;C:\Users\dragon\.m2\repository\org\eclipse\jetty\jetty-io\12.0.27\jetty-io-12.0.27.jar;C:\Users\dragon\.m2\repository\org\eclipse\jetty\jetty-util\12.0.27\jetty-util-12.0.27.jar;C:\Users\dragon\.m2\repository\org\eclipse\jetty\jetty-servlet\9.4.53.v20231009\jetty-servlet-9.4.53.v20231009.jar;C:\Users\dragon\.m2\repository\org\eclipse\jetty\jetty-security\12.0.27\jetty-security-12.0.27.jar;C:\Users\dragon\.m2\repository\org\eclipse\jetty\jetty-util-ajax\12.0.27\jetty-util-ajax-12.0.27.jar;C:\Users\dragon\.m2\repository\org\eclipse\jetty\jetty-webapp\9.4.53.v20231009\jetty-webapp-9.4.53.v20231009.jar;C:\Users\dragon\.m2\repository\org\eclipse\jetty\jetty-xml\12.0.27\jetty-xml-12.0.27.jar;C:\Users\dragon\.m2\repository\javax\servlet\jsp\jsp-api\2.1\jsp-api-2.1.jar;C:\Users\dragon\.m2\repository\com\sun\jersey\jersey-core\1.19.4\jersey-core-1.19.4.jar;C:\Users\dragon\.m2\repository\javax\ws\rs\jsr311-api\1.1.1\jsr311-api-1.1.1.jar;C:\Users\dragon\.m2\repository\com\sun\jersey\jersey-servlet\1.19.4\jersey-servlet-1.19.4.jar;C:\Users\dragon\.m2\repository\com\github\pjfanning\jersey-json\1.22.0\jersey-json-1.22.0.jar;C:\Users\dragon\.m2\repository\com\sun\xml\bind\jaxb-impl\4.0.5\jaxb-impl-4.0.5.jar;C:\Users\dragon\.m2\repository\com\sun\xml\bind\jaxb-core\4.0.5\jaxb-core-4.0.5.jar;C:\Users\dragon\.m2\repository\org\codehaus\jettison\jettison\1.5.4\jettison-1.5.4.jar;C:\Users\dragon\.m2\repository\com\sun\jersey\jersey-server\1.19.4\jersey-server-1.19.4.jar;C:\Users\dragon\.m2\repository\ch\qos\reload4j\reload4j\1.2.22\reload4j-1.2.22.jar;C:\Users\dragon\.m2\repository\commons-beanutils\commons-beanutils\1.9.4\commons-beanutils-1.9.4.jar;C:\Users\dragon\.m2\repository\org\apache\commons\commons-configuration2\2.10.1\commons-configuration2-2.10.1.jar;C:\Users\dragon\.m2\repository\org\apache\commons\commons-lang3\3.17.0\commons-lang3-3.17.0.jar;C:\Users\dragon\.m2\repository\org\apache\commons\commons-text\1.10.0\commons-text-1.10.0.jar;C:\Users\dragon\.m2\repository\com\google\re2j\re2j\1.1\re2j-1.1.jar;C:\Users\dragon\.m2\repository\com\google\code\gson\gson\2.13.2\gson-2.13.2.jar;C:\Users\dragon\.m2\repository\org\apache\hadoop\hadoop-auth\3.4.1\hadoop-auth-3.4.1.jar;C:\Users\dragon\.m2\repository\com\nimbusds\nimbus-jose-jwt\9.37.2\nimbus-jose-jwt-9.37.2.jar;C:\Users\dragon\.m2\repository\com\github\stephenc\jcip\jcip-annotations\1.0-1\jcip-annotations-1.0-1.jar;C:\Users\dragon\.m2\repository\org\apache\curator\curator-framework\5.2.0\curator-framework-5.2.0.jar;C:\Users\dragon\.m2\repository\org\apache\kerby\kerb-util\2.0.3\kerb-util-2.0.3.jar;C:\Users\dragon\.m2\repository\org\apache\kerby\kerby-config\2.0.3\kerby-config-2.0.3.jar;C:\Users\dragon\.m2\repository\org\apache\kerby\kerb-crypto\2.0.3\kerb-crypto-2.0.3.jar;C:\Users\dragon\.m2\repository\com\jcraft\jsch\0.1.55\jsch-0.1.55.jar;C:\Users\dragon\.m2\repository\org\apache\curator\curator-client\5.2.0\curator-client-5.2.0.jar;C:\Users\dragon\.m2\repository\org\apache\curator\curator-recipes\5.2.0\curator-recipes-5.2.0.jar;C:\Users\dragon\.m2\repository\com\google\code\findbugs\jsr305\3.0.2\jsr305-3.0.2.jar;C:\Users\dragon\.m2\repository\org\apache\zookeeper\zookeeper\3.8.4\zookeeper-3.8.4.jar;C:\Users\dragon\.m2\repository\org\apache\zookeeper\zookeeper-jute\3.8.4\zookeeper-jute-3.8.4.jar;C:\Users\dragon\.m2\repository\org\apache\yetus\audience-annotations\0.12.0\audience-annotations-0.12.0.jar;C:\Users\dragon\.m2\repository\io\netty\netty-handler\4.1.127.Final\netty-handler-4.1.127.Final.jar;C:\Users\dragon\.m2\repository\io\netty\netty-common\4.1.127.Final\netty-common-4.1.127.Final.jar;C:\Users\dragon\.m2\repository\io\netty\netty-resolver\4.1.127.Final\netty-resolver-4.1.127.Final.jar;C:\Users\dragon\.m2\repository\io\netty\netty-buffer\4.1.127.Final\netty-buffer-4.1.127.Final.jar;C:\Users\dragon\.m2\repository\io\netty\netty-transport\4.1.127.Final\netty-transport-4.1.127.Final.jar;C:\Users\dragon\.m2\repository\io\netty\netty-transport-native-unix-common\4.1.127.Final\netty-transport-native-unix-common-4.1.127.Final.jar;C:\Users\dragon\.m2\repository\io\netty\netty-codec\4.1.127.Final\netty-codec-4.1.127.Final.jar;C:\Users\dragon\.m2\repository\io\netty\netty-transport-native-epoll\4.1.127.Final\netty-transport-native-epoll-4.1.127.Final.jar;C:\Users\dragon\.m2\repository\io\netty\netty-transport-classes-epoll\4.1.127.Final\netty-transport-classes-epoll-4.1.127.Final.jar;C:\Users\dragon\.m2\repository\io\dropwizard\metrics\metrics-core\3.2.4\metrics-core-3.2.4.jar;C:\Users\dragon\.m2\repository\org\bouncycastle\bcprov-jdk18on\1.78.1\bcprov-jdk18on-1.78.1.jar;C:\Users\dragon\.m2\repository\org\apache\kerby\kerb-core\2.0.3\kerb-core-2.0.3.jar;C:\Users\dragon\.m2\repository\org\apache\kerby\kerby-pkix\2.0.3\kerby-pkix-2.0.3.jar;C:\Users\dragon\.m2\repository\org\apache\kerby\kerby-asn1\2.0.3\kerby-asn1-2.0.3.jar;C:\Users\dragon\.m2\repository\org\apache\kerby\kerby-util\2.0.3\kerby-util-2.0.3.jar;C:\Users\dragon\.m2\repository\org\codehaus\woodstox\stax2-api\4.2.1\stax2-api-4.2.1.jar;C:\Users\dragon\.m2\repository\com\fasterxml\woodstox\woodstox-core\5.4.0\woodstox-core-5.4.0.jar;C:\Users\dragon\.m2\repository\dnsjava\dnsjava\3.6.1\dnsjava-3.6.1.jar;C:\Users\dragon\.m2\repository\org\springframework\boot\spring-boot-devtools\3.5.6\spring-boot-devtools-3.5.6.jar;C:\Users\dragon\.m2\repository\org\springframework\boot\spring-boot\3.5.6\spring-boot-3.5.6.jar;C:\Users\dragon\.m2\repository\org\springframework\boot\spring-boot-autoconfigure\3.5.6\spring-boot-autoconfigure-3.5.6.jar;C:\Users\dragon\.m2\repository\jakarta\xml\bind\jakarta.xml.bind-api\4.0.2\jakarta.xml.bind-api-4.0.2.jar;C:\Users\dragon\.m2\repository\org\springframework\spring-core\6.2.11\spring-core-6.2.11.jar;C:\Users\dragon\.m2\repository\org\springframework\spring-jcl\6.2.11\spring-jcl-6.2.11.jar
Launcher Type: SUN_STANDARD

[Global flags]
     intx CICompilerCount                          = 4                                         {product} {ergonomic}
     uint ConcGCThreads                            = 2                                         {product} {ergonomic}
     uint G1ConcRefinementThreads                  = 8                                         {product} {ergonomic}
   size_t G1HeapRegionSize                         = 2097152                                   {product} {ergonomic}
    uintx GCDrainStackTargetSize                   = 64                                        {product} {ergonomic}
   size_t InitialHeapSize                          = 266338304                                 {product} {ergonomic}
     bool ManagementServer                         = true                                      {product} {command line}
   size_t MarkStackSize                            = 4194304                                   {product} {ergonomic}
   size_t MaxHeapSize                              = 4242538496                                {product} {ergonomic}
   size_t MaxNewSize                               = 2543845376                                {product} {ergonomic}
   size_t MinHeapDeltaBytes                        = 2097152                                   {product} {ergonomic}
   size_t MinHeapSize                              = 8388608                                   {product} {ergonomic}
    uintx NonNMethodCodeHeapSize                   = 4096                                   {pd product} {ergonomic}
    uintx NonProfiledCodeHeapSize                  = 0                                      {pd product} {ergonomic}
     bool ProfileInterpreter                       = false                                  {pd product} {command line}
    uintx ProfiledCodeHeapSize                     = 0                                      {pd product} {ergonomic}
     bool ShowCodeDetailsInExceptionMessages       = true                                   {manageable} {command line}
   size_t SoftMaxHeapSize                          = 4242538496                             {manageable} {ergonomic}
     intx TieredStopAtLevel                        = 1                                         {product} {command line}
     bool UseCompressedOops                        = true                           {product lp64_product} {ergonomic}
     bool UseG1GC                                  = true                                      {product} {ergonomic}
     bool UseLargePagesIndividualAllocation        = false                                  {pd product} {ergonomic}

Logging:
Log output configuration:
 #0: stdout all=warning uptime,level,tags foldmultilines=false
 #1: stderr all=off uptime,level,tags foldmultilines=false

Environment Variables:
JAVA_HOME=C:\Program Files\Eclipse Adoptium\jdk-21.0.8.9-hotspot
CLASSPATH=%JAVA_HOME%\lib
PATH=D:/project/dev_boot_project/sts-4.32.0.RELEASE//plugins/org.eclipse.justj.openjdk.hotspot.jre.full.win32.x86_64_21.0.8.v20250724-1412/jre/bin/server;D:/project/dev_boot_project/sts-4.32.0.RELEASE//plugins/org.eclipse.justj.openjdk.hotspot.jre.full.win32.x86_64_21.0.8.v20250724-1412/jre/bin;%JAVA_HOME%\bin;D:\app\dragon\product\11.2.0\dbhome_1\bin;C:\Program Files (x86)\Intel\Intel(R) Management Engine Components\iCLS\;C:\Program Files\Intel\Intel(R) Management Engine Components\iCLS\;C:\WINDOWS\system32;C:\WINDOWS;C:\WINDOWS\System32\Wbem;C:\WINDOWS\System32\WindowsPowerShell\v1.0\;C:\WINDOWS\System32\OpenSSH\;C:\Program Files (x86)\Intel\Intel(R) Management Engine Components\DAL;C:\Program Files\Intel\Intel(R) Management Engine Components\DAL;C:\Program Files\Git\cmd;C:\dev\apache-maven-3.9.11\bin;C:\Program Files\Eclipse Adoptium\jdk-21\bin;C:\Program Files\Eclipse Adoptium\jdk-21\bin;D:\app\dragon\product\11.2.0\dbhome_1\bin;C:\Program Files (x86)\Intel\Intel(R) Management Engine Components\iCLS\;C:\Program Files\Intel\Intel(R) Management Engine Components\iCLS\;C:\WINDOWS\system32;C:\WINDOWS;C:\WINDOWS\System32\Wbem;C:\WINDOWS\System32\WindowsPowerShell\v1.0\;C:\WINDOWS\System32\OpenSSH\;C:\Program Files (x86)\Intel\Intel(R) Management Engine Components\DAL;C:\Program Files\Intel\Intel(R) Management Engine Components\DAL;C:\Program Files\Git\cmd;C:\dev\apache-maven-3.9.11\bin;C:\Program Files\Eclipse Adoptium\jdk-21\bin;C:\Program Files\Eclipse Adoptium\jdk-21.0.8.9-hotspot\bin;C:\Program Files\Java\jdk-11\bin;C:\Program Files\Eclipse Adoptium\jdk-21.0.8.9-hotspot\bin;C:\Program Fil;D:\project\dev_boot_project\sts-4.32.0.RELEASE;
USERNAME=dragon
OS=Windows_NT
PROCESSOR_IDENTIFIER=Intel64 Family 6 Model 142 Stepping 11, GenuineIntel
TMP=C:\Users\dragon\AppData\Local\Temp
TEMP=C:\Users\dragon\AppData\Local\Temp




Periodic native trim disabled

---------------  S Y S T E M  ---------------

OS:
 Windows 11 , 64 bit Build 26100 (10.0.26100.6725)
OS uptime: 6 days 15:33 hours

CPU: total 8 (initial active 8) (4 cores per cpu, 2 threads per core) family 6 model 142 stepping 11 microcode 0xde, cx8, cmov, fxsr, ht, mmx, 3dnowpref, sse, sse2, sse3, ssse3, sse4.1, sse4.2, popcnt, lzcnt, tsc, tscinvbit, avx, avx2, aes, erms, clmul, bmi1, bmi2, adx, fma, vzeroupper, clflush, clflushopt, rdtscp, f16c
Processor Information for the first 8 processors :
  Max Mhz: 1992, Current Mhz: 1792, Mhz Limit: 1792

Memory: 4k page, system-wide physical 16178M (5623M free)
TotalPageFile size 16178M (AvailPageFile size 5M)
current process WorkingSet (physical memory assigned to process): 351M, peak: 362M
current process commit charge ("private bytes"): 404M, peak: 419M

vm_info: OpenJDK 64-Bit Server VM (21.0.8+9-LTS) for windows-amd64 JRE (21.0.8+9-LTS), built on 2025-07-15T00:00:00Z by "admin" with MS VC++ 17.7 (VS2022)

END.
