2025-11-17 22:37:58,350 - INFO - root - 만료된 (7일 이상) 캐시 파일 정리 시작.
2025-11-17 22:37:58,351 - INFO - root - 총 0개의 오래된 캐시 파일을 정리했습니다.
2025-11-17 22:37:58,421 - INFO - root - 분석 시작 (캐시 미스): 총 2879 종목, 필터: long_term_down_trend
2025-11-17 22:38:08,511 - INFO - root - 만료된 (7일 이상) 캐시 파일 정리 시작.
2025-11-17 22:38:08,512 - INFO - root - 총 0개의 오래된 캐시 파일을 정리했습니다.
2025-11-17 22:38:08,582 - INFO - root - 분석 시작 (캐시 미스): 총 2879 종목, 필터: long_term_down_trend
2025-11-17 23:14:42,898 - INFO - root - 만료된 (7일 이상) 캐시 파일 정리 시작.
2025-11-17 23:14:42,902 - INFO - root - 총 0개의 오래된 캐시 파일을 정리했습니다.
2025-11-17 23:14:42,963 - INFO - root - 분석 시작 (캐시 미스): 총 2879 종목, 필터: long_term_down_trend
2025-11-17 23:15:02,992 - INFO - root - 만료된 (7일 이상) 캐시 파일 정리 시작.
2025-11-17 23:15:02,993 - INFO - root - 총 0개의 오래된 캐시 파일을 정리했습니다.
2025-11-17 23:15:03,077 - INFO - root - 분석 시작 (캐시 미스): 총 2879 종목, 필터: long_term_down_trend
2025-11-17 23:17:04,125 - INFO - root - 만료된 (7일 이상) 캐시 파일 정리 시작.
2025-11-17 23:17:04,125 - INFO - root - 총 0개의 오래된 캐시 파일을 정리했습니다.
2025-11-17 23:17:04,188 - INFO - root - 분석 시작 (캐시 미스): 총 2879 종목, 필터: long_term_down_trend
2025-11-17 23:43:25,968 - INFO - root - 만료된 (7일 이상) 캐시 파일 정리 시작.
2025-11-17 23:43:25,969 - INFO - root - 총 0개의 오래된 캐시 파일을 정리했습니다.
2025-11-17 23:43:26,052 - INFO - root - 분석 시작 (캐시 미스): 총 2879 종목, 필터: long_term_down_trend
2025-11-17 23:43:41,509 - INFO - root - 만료된 (7일 이상) 캐시 파일 정리 시작.
2025-11-17 23:43:41,509 - INFO - root - 총 0개의 오래된 캐시 파일을 정리했습니다.
2025-11-17 23:43:41,578 - INFO - root - 분석 시작 (캐시 미스): 총 2879 종목, 필터: long_term_down_trend
2025-11-17 23:44:55,058 - INFO - root - 만료된 (7일 이상) 캐시 파일 정리 시작.
2025-11-17 23:44:55,059 - INFO - root - 총 0개의 오래된 캐시 파일을 정리했습니다.
2025-11-17 23:44:55,126 - INFO - root - 분석 시작 (캐시 미스): 총 2879 종목, 필터: long_term_down_trend
2025-11-17 23:48:23,219 - INFO - root - 만료된 (7일 이상) 캐시 파일 정리 시작.
2025-11-17 23:48:23,220 - INFO - root - 총 0개의 오래된 캐시 파일을 정리했습니다.
2025-11-17 23:48:23,290 - INFO - root - 분석 시작 (캐시 미스): 총 2879 종목, 필터: long_term_down_trend
2025-11-18 00:01:59,381 - INFO - root - 만료된 (7일 이상) 캐시 파일 정리 시작.
2025-11-18 00:01:59,381 - INFO - root - 총 0개의 오래된 캐시 파일을 정리했습니다.
2025-11-18 00:01:59,457 - INFO - root - 분석 시작 (캐시 미스): 총 2879 종목, 필터: long_term_down_trend
2025-11-18 00:02:13,133 - INFO - root - 만료된 (7일 이상) 캐시 파일 정리 시작.
2025-11-18 00:02:13,133 - INFO - root - 총 0개의 오래된 캐시 파일을 정리했습니다.
2025-11-18 00:02:13,209 - INFO - root - 분석 시작 (캐시 미스): 총 2879 종목, 필터: long_term_down_trend
2025-11-18 00:07:06,880 - INFO - root - 만료된 (7일 이상) 캐시 파일 정리 시작.
2025-11-18 00:07:06,881 - INFO - root - 총 0개의 오래된 캐시 파일을 정리했습니다.
2025-11-18 00:07:06,949 - INFO - root - 분석 시작 (캐시 미스): 총 2879 종목, 필터: long_term_down_trend
2025-11-18 00:07:19,081 - INFO - root - 만료된 (7일 이상) 캐시 파일 정리 시작.
2025-11-18 00:07:19,082 - INFO - root - 총 0개의 오래된 캐시 파일을 정리했습니다.
2025-11-18 00:07:19,168 - INFO - root - 분석 시작 (캐시 미스): 총 2879 종목, 필터: long_term_down_trend
2025-11-18 00:07:56,994 - INFO - root - 만료된 (7일 이상) 캐시 파일 정리 시작.
2025-11-18 00:07:56,995 - INFO - root - 총 0개의 오래된 캐시 파일을 정리했습니다.
2025-11-18 00:07:57,074 - INFO - root - 분석 시작 (캐시 미스): 총 2879 종목, 필터: long_term_down_trend
2025-11-18 00:08:15,950 - INFO - root - 만료된 (7일 이상) 캐시 파일 정리 시작.
2025-11-18 00:08:15,950 - INFO - root - 총 0개의 오래된 캐시 파일을 정리했습니다.
2025-11-18 00:08:16,026 - INFO - root - 분석 시작 (캐시 미스): 총 2879 종목, 필터: long_term_down_trend
2025-11-18 00:09:37,774 - ERROR - root - [ERROR] 086390 유니테스트 분석 실패: Could not open Parquet input source '<Buffer>': Parquet magic bytes not found in footer. Either the file is corrupted or this is not a parquet file.
Traceback (most recent call last):
  File "D:\project\dev_boot_project\workspace\MyBaseLinkV2\python\stock\py\athena_k_market_ai_prod.py", line 334, in analyze_symbol
    df_raw = pd.read_parquet(path)
  File "C:\Python310\lib\site-packages\pandas\io\parquet.py", line 669, in read_parquet
    return impl.read(
  File "C:\Python310\lib\site-packages\pandas\io\parquet.py", line 265, in read
    pa_table = self.api.parquet.read_table(
  File "C:\Python310\lib\site-packages\pyarrow\parquet\core.py", line 1844, in read_table
    dataset = ParquetDataset(
  File "C:\Python310\lib\site-packages\pyarrow\parquet\core.py", line 1413, in __init__
    [fragment], schema=schema or fragment.physical_schema,
  File "pyarrow/_dataset.pyx", line 1477, in pyarrow._dataset.Fragment.physical_schema.__get__
  File "pyarrow/error.pxi", line 155, in pyarrow.lib.pyarrow_internal_check_status
  File "pyarrow/error.pxi", line 92, in pyarrow.lib.check_status
pyarrow.lib.ArrowInvalid: Could not open Parquet input source '<Buffer>': Parquet magic bytes not found in footer. Either the file is corrupted or this is not a parquet file.

2025-11-18 00:09:37,976 - ERROR - root - [ERROR] 194370 제이에스코퍼레이션 분석 실패: Could not open Parquet input source '<Buffer>': Parquet file size is 4 bytes, smaller than the minimum file footer (8 bytes)
Traceback (most recent call last):
  File "D:\project\dev_boot_project\workspace\MyBaseLinkV2\python\stock\py\athena_k_market_ai_prod.py", line 334, in analyze_symbol
    df_raw = pd.read_parquet(path)
  File "C:\Python310\lib\site-packages\pandas\io\parquet.py", line 669, in read_parquet
    return impl.read(
  File "C:\Python310\lib\site-packages\pandas\io\parquet.py", line 265, in read
    pa_table = self.api.parquet.read_table(
  File "C:\Python310\lib\site-packages\pyarrow\parquet\core.py", line 1844, in read_table
    dataset = ParquetDataset(
  File "C:\Python310\lib\site-packages\pyarrow\parquet\core.py", line 1413, in __init__
    [fragment], schema=schema or fragment.physical_schema,
  File "pyarrow/_dataset.pyx", line 1477, in pyarrow._dataset.Fragment.physical_schema.__get__
  File "pyarrow/error.pxi", line 155, in pyarrow.lib.pyarrow_internal_check_status
  File "pyarrow/error.pxi", line 92, in pyarrow.lib.check_status
pyarrow.lib.ArrowInvalid: Could not open Parquet input source '<Buffer>': Parquet file size is 4 bytes, smaller than the minimum file footer (8 bytes)

2025-11-18 00:09:38,632 - ERROR - root - [ERROR] 348340 뉴로메카 분석 실패: Could not open Parquet input source '<Buffer>': Parquet file size is 0 bytes
Traceback (most recent call last):
  File "D:\project\dev_boot_project\workspace\MyBaseLinkV2\python\stock\py\athena_k_market_ai_prod.py", line 334, in analyze_symbol
    df_raw = pd.read_parquet(path)
  File "C:\Python310\lib\site-packages\pandas\io\parquet.py", line 669, in read_parquet
    return impl.read(
  File "C:\Python310\lib\site-packages\pandas\io\parquet.py", line 265, in read
    pa_table = self.api.parquet.read_table(
  File "C:\Python310\lib\site-packages\pyarrow\parquet\core.py", line 1844, in read_table
    dataset = ParquetDataset(
  File "C:\Python310\lib\site-packages\pyarrow\parquet\core.py", line 1413, in __init__
    [fragment], schema=schema or fragment.physical_schema,
  File "pyarrow/_dataset.pyx", line 1477, in pyarrow._dataset.Fragment.physical_schema.__get__
  File "pyarrow/error.pxi", line 155, in pyarrow.lib.pyarrow_internal_check_status
  File "pyarrow/error.pxi", line 92, in pyarrow.lib.check_status
pyarrow.lib.ArrowInvalid: Could not open Parquet input source '<Buffer>': Parquet file size is 0 bytes

2025-11-18 00:13:58,436 - INFO - root - 분석 결과 캐시 저장 완료: 20251118_long_term_down_trend_pattern_10.json
2025-11-18 00:13:58,436 - INFO - root - 분석 완료 및 결과 반환. 총 소요 시간: 342.48초
2025-11-18 00:44:38,357 - INFO - root - 만료된 (7일 이상) 캐시 파일 정리 시작.
2025-11-18 00:44:38,358 - INFO - root - 총 0개의 오래된 캐시 파일을 정리했습니다.
2025-11-18 00:44:38,360 - INFO - root - 캐시 로드 성공: 20251118_long_term_down_trend_pattern_10.json
2025-11-18 00:45:10,636 - INFO - root - 만료된 (7일 이상) 캐시 파일 정리 시작.
2025-11-18 00:45:10,637 - INFO - root - 총 0개의 오래된 캐시 파일을 정리했습니다.
2025-11-18 00:45:10,639 - INFO - root - 캐시 로드 성공: 20251118_long_term_down_trend_pattern_10.json
2025-11-18 00:52:03,120 - INFO - root - 만료된 (7일 이상) 캐시 파일 정리 시작.
2025-11-18 00:52:03,121 - INFO - root - 총 0개의 오래된 캐시 파일을 정리했습니다.
2025-11-18 00:52:03,121 - INFO - root - 캐시 로드 성공: 20251118_long_term_down_trend_pattern_10.json
2025-11-18 01:01:28,089 - INFO - root - 만료된 (7일 이상) 캐시 파일 정리 시작.
2025-11-18 01:01:28,090 - INFO - root - 총 0개의 오래된 캐시 파일을 정리했습니다.
2025-11-18 01:01:28,091 - INFO - root - 캐시 로드 성공: 20251118_long_term_down_trend_pattern_10.json
2025-11-18 01:01:59,871 - INFO - root - 만료된 (7일 이상) 캐시 파일 정리 시작.
2025-11-18 01:01:59,872 - INFO - root - 총 0개의 오래된 캐시 파일을 정리했습니다.
2025-11-18 01:01:59,873 - INFO - root - 캐시 로드 성공: 20251118_long_term_down_trend_pattern_10.json
2025-11-18 01:05:11,417 - INFO - root - 만료된 (7일 이상) 캐시 파일 정리 시작.
2025-11-18 01:05:11,418 - INFO - root - 총 0개의 오래된 캐시 파일을 정리했습니다.
2025-11-18 01:05:11,418 - INFO - root - 캐시 로드 성공: 20251118_long_term_down_trend_pattern_10.json
2025-11-18 01:05:53,923 - INFO - root - 만료된 (7일 이상) 캐시 파일 정리 시작.
2025-11-18 01:05:53,924 - INFO - root - 총 0개의 오래된 캐시 파일을 정리했습니다.
2025-11-18 01:05:53,925 - INFO - root - 캐시 로드 성공: 20251118_long_term_down_trend_pattern_10.json
2025-11-18 01:06:36,578 - INFO - root - 만료된 (7일 이상) 캐시 파일 정리 시작.
2025-11-18 01:06:36,579 - INFO - root - 총 0개의 오래된 캐시 파일을 정리했습니다.
2025-11-18 01:06:36,582 - INFO - root - 캐시 로드 성공: 20251118_long_term_down_trend_pattern_10.json
2025-11-18 01:09:17,333 - INFO - root - 만료된 (7일 이상) 캐시 파일 정리 시작.
2025-11-18 01:09:17,334 - INFO - root - 총 0개의 오래된 캐시 파일을 정리했습니다.
2025-11-18 01:09:17,335 - INFO - root - 캐시 로드 성공: 20251118_long_term_down_trend_pattern_10.json
2025-11-18 01:11:47,391 - INFO - root - 만료된 (7일 이상) 캐시 파일 정리 시작.
2025-11-18 01:11:47,392 - INFO - root - 총 0개의 오래된 캐시 파일을 정리했습니다.
2025-11-18 01:11:47,393 - INFO - root - 캐시 로드 성공: 20251118_long_term_down_trend_pattern_10.json
2025-11-18 01:14:42,398 - INFO - root - 만료된 (7일 이상) 캐시 파일 정리 시작.
2025-11-18 01:14:42,398 - INFO - root - 총 0개의 오래된 캐시 파일을 정리했습니다.
2025-11-18 01:14:42,399 - INFO - root - 캐시 로드 성공: 20251118_long_term_down_trend_pattern_10.json
2025-11-18 01:14:46,687 - INFO - root - 만료된 (7일 이상) 캐시 파일 정리 시작.
2025-11-18 01:14:46,688 - INFO - root - 총 0개의 오래된 캐시 파일을 정리했습니다.
2025-11-18 01:14:46,689 - INFO - root - 캐시 로드 성공: 20251118_long_term_down_trend_pattern_10.json
2025-11-18 01:24:57,151 - INFO - root - 만료된 (7일 이상) 캐시 파일 정리 시작.
2025-11-18 01:24:57,152 - INFO - root - 총 0개의 오래된 캐시 파일을 정리했습니다.
2025-11-18 01:24:57,154 - INFO - root - 캐시 로드 성공: 20251118_long_term_down_trend_pattern_10.json
2025-11-18 01:27:49,678 - INFO - root - 만료된 (7일 이상) 캐시 파일 정리 시작.
2025-11-18 01:27:49,679 - INFO - root - 총 0개의 오래된 캐시 파일을 정리했습니다.
2025-11-18 01:27:49,680 - INFO - root - 캐시 로드 성공: 20251118_long_term_down_trend_pattern_10.json
2025-11-18 01:28:59,687 - INFO - root - 만료된 (7일 이상) 캐시 파일 정리 시작.
2025-11-18 01:28:59,688 - INFO - root - 총 0개의 오래된 캐시 파일을 정리했습니다.
2025-11-18 01:28:59,690 - INFO - root - 캐시 로드 성공: 20251118_long_term_down_trend_pattern_10.json
2025-11-18 01:30:00,609 - INFO - root - 만료된 (7일 이상) 캐시 파일 정리 시작.
2025-11-18 01:30:00,609 - INFO - root - 총 0개의 오래된 캐시 파일을 정리했습니다.
2025-11-18 01:30:00,610 - INFO - root - 캐시 로드 성공: 20251118_long_term_down_trend_pattern_10.json
2025-11-18 01:30:17,250 - INFO - root - 만료된 (7일 이상) 캐시 파일 정리 시작.
2025-11-18 01:30:17,250 - INFO - root - 총 0개의 오래된 캐시 파일을 정리했습니다.
2025-11-18 01:30:17,251 - INFO - root - 캐시 로드 성공: 20251118_long_term_down_trend_pattern_10.json
2025-11-18 01:31:45,385 - INFO - root - 만료된 (7일 이상) 캐시 파일 정리 시작.
2025-11-18 01:31:45,386 - INFO - root - 총 0개의 오래된 캐시 파일을 정리했습니다.
2025-11-18 01:31:45,387 - INFO - root - 캐시 로드 성공: 20251118_long_term_down_trend_pattern_10.json
2025-11-18 01:44:37,701 - INFO - root - 만료된 (7일 이상) 캐시 파일 정리 시작.
2025-11-18 01:44:37,702 - INFO - root - 총 0개의 오래된 캐시 파일을 정리했습니다.
2025-11-18 01:44:37,704 - INFO - root - 캐시 로드 성공: 20251118_long_term_down_trend_pattern_10.json
2025-11-18 01:48:53,585 - INFO - root - 만료된 (7일 이상) 캐시 파일 정리 시작.
2025-11-18 01:48:53,586 - INFO - root - 총 0개의 오래된 캐시 파일을 정리했습니다.
2025-11-18 01:48:53,642 - INFO - root - 분석 시작 (캐시 미스): 총 1 종목, 필터: double_bottom
2025-11-18 01:48:56,142 - INFO - root - 분석 완료 및 결과 반환. 총 소요 시간: 2.56초
2025-11-18 01:51:21,526 - INFO - root - 만료된 (7일 이상) 캐시 파일 정리 시작.
2025-11-18 01:51:21,527 - INFO - root - 총 0개의 오래된 캐시 파일을 정리했습니다.
2025-11-18 01:51:21,586 - INFO - root - 분석 시작 (캐시 미스): 총 1 종목, 필터: cup_and_handle
2025-11-18 01:51:23,317 - INFO - root - 분석 완료 및 결과 반환. 총 소요 시간: 1.79초
2025-11-18 02:10:43,316 - INFO - root - 만료된 (7일 이상) 캐시 파일 정리 시작.
2025-11-18 02:10:43,317 - INFO - root - 총 0개의 오래된 캐시 파일을 정리했습니다.
2025-11-18 02:10:43,439 - INFO - root - 분석 시작 (캐시 미스): 총 2879 종목, 필터: all_below_ma
2025-11-18 02:10:56,697 - INFO - root - 만료된 (7일 이상) 캐시 파일 정리 시작.
2025-11-18 02:10:56,697 - INFO - root - 총 0개의 오래된 캐시 파일을 정리했습니다.
2025-11-18 02:10:56,760 - INFO - root - 분석 시작 (캐시 미스): 총 2879 종목, 필터: double_bottom
2025-11-18 02:11:04,921 - INFO - root - 만료된 (7일 이상) 캐시 파일 정리 시작.
2025-11-18 02:11:04,921 - INFO - root - 총 0개의 오래된 캐시 파일을 정리했습니다.
2025-11-18 02:11:05,019 - INFO - root - 분석 시작 (캐시 미스): 총 2879 종목, 필터: triple_bottom
2025-11-18 02:11:14,642 - INFO - root - 만료된 (7일 이상) 캐시 파일 정리 시작.
2025-11-18 02:11:14,642 - INFO - root - 총 0개의 오래된 캐시 파일을 정리했습니다.
2025-11-18 02:11:14,707 - INFO - root - 분석 시작 (캐시 미스): 총 2879 종목, 필터: cup_and_handle
2025-11-18 02:13:48,849 - INFO - root - 만료된 (7일 이상) 캐시 파일 정리 시작.
2025-11-18 02:13:48,850 - INFO - root - 총 0개의 오래된 캐시 파일을 정리했습니다.
2025-11-18 02:13:48,924 - INFO - root - 분석 시작 (캐시 미스): 총 2879 종목, 필터: all_below_ma
2025-11-18 03:17:28,610 - INFO - root - 만료된 (7일 이상) 캐시 파일 정리 시작.
2025-11-18 03:17:28,610 - INFO - root - 총 0개의 오래된 캐시 파일을 정리했습니다.
2025-11-18 03:17:28,722 - INFO - root - 분석 시작 (캐시 미스): 총 2879 종목, 필터: all_below_ma
2025-11-18 03:20:19,171 - INFO - root - 만료된 (7일 이상) 캐시 파일 정리 시작.
2025-11-18 03:20:19,172 - INFO - root - 총 0개의 오래된 캐시 파일을 정리했습니다.
2025-11-18 03:20:19,273 - INFO - root - 분석 시작 (캐시 미스): 총 2879 종목, 필터: all_below_ma
2025-11-18 03:20:41,904 - ERROR - root - [ERROR] 042670 HD현대인프라코어 분석 실패: Could not open Parquet input source '<Buffer>': Parquet file size is 0 bytes
Traceback (most recent call last):
  File "D:\project\dev_boot_project\workspace\MyBaseLinkV2\python\stock\py\athena_k_market_ai_prod.py", line 394, in analyze_symbol
    df_raw = pd.read_parquet(path)
  File "C:\Python310\lib\site-packages\pandas\io\parquet.py", line 669, in read_parquet
    return impl.read(
  File "C:\Python310\lib\site-packages\pandas\io\parquet.py", line 265, in read
    pa_table = self.api.parquet.read_table(
  File "C:\Python310\lib\site-packages\pyarrow\parquet\core.py", line 1844, in read_table
    dataset = ParquetDataset(
  File "C:\Python310\lib\site-packages\pyarrow\parquet\core.py", line 1413, in __init__
    [fragment], schema=schema or fragment.physical_schema,
  File "pyarrow/_dataset.pyx", line 1477, in pyarrow._dataset.Fragment.physical_schema.__get__
  File "pyarrow/error.pxi", line 155, in pyarrow.lib.pyarrow_internal_check_status
  File "pyarrow/error.pxi", line 92, in pyarrow.lib.check_status
pyarrow.lib.ArrowInvalid: Could not open Parquet input source '<Buffer>': Parquet file size is 0 bytes

2025-11-18 03:20:42,220 - ERROR - root - [ERROR] 000240 한국앤컴퍼니 분석 실패: Could not open Parquet input source '<Buffer>': Parquet file size is 0 bytes
Traceback (most recent call last):
  File "D:\project\dev_boot_project\workspace\MyBaseLinkV2\python\stock\py\athena_k_market_ai_prod.py", line 394, in analyze_symbol
    df_raw = pd.read_parquet(path)
  File "C:\Python310\lib\site-packages\pandas\io\parquet.py", line 669, in read_parquet
    return impl.read(
  File "C:\Python310\lib\site-packages\pandas\io\parquet.py", line 265, in read
    pa_table = self.api.parquet.read_table(
  File "C:\Python310\lib\site-packages\pyarrow\parquet\core.py", line 1844, in read_table
    dataset = ParquetDataset(
  File "C:\Python310\lib\site-packages\pyarrow\parquet\core.py", line 1413, in __init__
    [fragment], schema=schema or fragment.physical_schema,
  File "pyarrow/_dataset.pyx", line 1477, in pyarrow._dataset.Fragment.physical_schema.__get__
  File "pyarrow/error.pxi", line 155, in pyarrow.lib.pyarrow_internal_check_status
  File "pyarrow/error.pxi", line 92, in pyarrow.lib.check_status
pyarrow.lib.ArrowInvalid: Could not open Parquet input source '<Buffer>': Parquet file size is 0 bytes

2025-11-18 03:21:55,128 - ERROR - root - [ERROR] 254490 미래반도체 분석 실패: Could not open Parquet input source '<Buffer>': Parquet file size is 4 bytes, smaller than the minimum file footer (8 bytes)
Traceback (most recent call last):
  File "D:\project\dev_boot_project\workspace\MyBaseLinkV2\python\stock\py\athena_k_market_ai_prod.py", line 394, in analyze_symbol
    df_raw = pd.read_parquet(path)
  File "C:\Python310\lib\site-packages\pandas\io\parquet.py", line 669, in read_parquet
    return impl.read(
  File "C:\Python310\lib\site-packages\pandas\io\parquet.py", line 265, in read
    pa_table = self.api.parquet.read_table(
  File "C:\Python310\lib\site-packages\pyarrow\parquet\core.py", line 1844, in read_table
    dataset = ParquetDataset(
  File "C:\Python310\lib\site-packages\pyarrow\parquet\core.py", line 1413, in __init__
    [fragment], schema=schema or fragment.physical_schema,
  File "pyarrow/_dataset.pyx", line 1477, in pyarrow._dataset.Fragment.physical_schema.__get__
  File "pyarrow/error.pxi", line 155, in pyarrow.lib.pyarrow_internal_check_status
  File "pyarrow/error.pxi", line 92, in pyarrow.lib.check_status
pyarrow.lib.ArrowInvalid: Could not open Parquet input source '<Buffer>': Parquet file size is 4 bytes, smaller than the minimum file footer (8 bytes)

2025-11-18 03:21:55,171 - ERROR - root - [ERROR] 208340 파멥신 분석 실패: Could not open Parquet input source '<Buffer>': Parquet file size is 0 bytes
Traceback (most recent call last):
  File "D:\project\dev_boot_project\workspace\MyBaseLinkV2\python\stock\py\athena_k_market_ai_prod.py", line 394, in analyze_symbol
    df_raw = pd.read_parquet(path)
  File "C:\Python310\lib\site-packages\pandas\io\parquet.py", line 669, in read_parquet
    return impl.read(
  File "C:\Python310\lib\site-packages\pandas\io\parquet.py", line 265, in read
    pa_table = self.api.parquet.read_table(
  File "C:\Python310\lib\site-packages\pyarrow\parquet\core.py", line 1844, in read_table
    dataset = ParquetDataset(
  File "C:\Python310\lib\site-packages\pyarrow\parquet\core.py", line 1413, in __init__
    [fragment], schema=schema or fragment.physical_schema,
  File "pyarrow/_dataset.pyx", line 1477, in pyarrow._dataset.Fragment.physical_schema.__get__
  File "pyarrow/error.pxi", line 155, in pyarrow.lib.pyarrow_internal_check_status
  File "pyarrow/error.pxi", line 92, in pyarrow.lib.check_status
pyarrow.lib.ArrowInvalid: Could not open Parquet input source '<Buffer>': Parquet file size is 0 bytes

2025-11-18 03:22:01,643 - ERROR - root - [ERROR] 271980 제일약품 분석 실패: Could not open Parquet input source '<Buffer>': Parquet file size is 0 bytes
Traceback (most recent call last):
  File "D:\project\dev_boot_project\workspace\MyBaseLinkV2\python\stock\py\athena_k_market_ai_prod.py", line 394, in analyze_symbol
    df_raw = pd.read_parquet(path)
  File "C:\Python310\lib\site-packages\pandas\io\parquet.py", line 669, in read_parquet
    return impl.read(
  File "C:\Python310\lib\site-packages\pandas\io\parquet.py", line 265, in read
    pa_table = self.api.parquet.read_table(
  File "C:\Python310\lib\site-packages\pyarrow\parquet\core.py", line 1844, in read_table
    dataset = ParquetDataset(
  File "C:\Python310\lib\site-packages\pyarrow\parquet\core.py", line 1413, in __init__
    [fragment], schema=schema or fragment.physical_schema,
  File "pyarrow/_dataset.pyx", line 1477, in pyarrow._dataset.Fragment.physical_schema.__get__
  File "pyarrow/error.pxi", line 155, in pyarrow.lib.pyarrow_internal_check_status
  File "pyarrow/error.pxi", line 92, in pyarrow.lib.check_status
pyarrow.lib.ArrowInvalid: Could not open Parquet input source '<Buffer>': Parquet file size is 0 bytes

2025-11-18 03:22:01,715 - ERROR - root - [ERROR] 333430 일승 분석 실패: Could not open Parquet input source '<Buffer>': Parquet file size is 0 bytes
Traceback (most recent call last):
  File "D:\project\dev_boot_project\workspace\MyBaseLinkV2\python\stock\py\athena_k_market_ai_prod.py", line 394, in analyze_symbol
    df_raw = pd.read_parquet(path)
  File "C:\Python310\lib\site-packages\pandas\io\parquet.py", line 669, in read_parquet
    return impl.read(
  File "C:\Python310\lib\site-packages\pandas\io\parquet.py", line 265, in read
    pa_table = self.api.parquet.read_table(
  File "C:\Python310\lib\site-packages\pyarrow\parquet\core.py", line 1844, in read_table
    dataset = ParquetDataset(
  File "C:\Python310\lib\site-packages\pyarrow\parquet\core.py", line 1413, in __init__
    [fragment], schema=schema or fragment.physical_schema,
  File "pyarrow/_dataset.pyx", line 1477, in pyarrow._dataset.Fragment.physical_schema.__get__
  File "pyarrow/error.pxi", line 155, in pyarrow.lib.pyarrow_internal_check_status
  File "pyarrow/error.pxi", line 92, in pyarrow.lib.check_status
pyarrow.lib.ArrowInvalid: Could not open Parquet input source '<Buffer>': Parquet file size is 0 bytes

2025-11-18 03:25:48,714 - INFO - root - 분석 결과 캐시 저장 완료: 20251118_all_below_ma_no_pattern_10.json
2025-11-18 03:25:48,714 - INFO - root - 분석 완료 및 결과 반환. 총 소요 시간: 329.54초
2025-11-18 03:27:52,419 - INFO - root - 만료된 (7일 이상) 캐시 파일 정리 시작.
2025-11-18 03:27:52,420 - INFO - root - 총 0개의 오래된 캐시 파일을 정리했습니다.
2025-11-18 03:27:52,490 - INFO - root - 분석 시작 (캐시 미스): 총 2879 종목, 필터: double_bottom
